#
# A fatal error has been detected by the Java Runtime Environment:
#
#  EXCEPTION_ACCESS_VIOLATION (0xc0000005) at pc=0x0000021e74d11050, pid=20004, tid=21336
#
# JRE version: OpenJDK Runtime Environment Temurin-21.0.7+6 (21.0.7+6) (build 21.0.7+6-LTS)
# Java VM: OpenJDK 64-Bit Server VM Temurin-21.0.7+6 (21.0.7+6-LTS, mixed mode, emulated-client, sharing, tiered, compressed oops, compressed class ptrs, g1 gc, windows-amd64)
# Problematic frame:
# v  ~BufferBlob::MethodHandles adapters 0x0000021e74d11050
#
# No core dump will be written. Minidumps are not enabled by default on client versions of Windows
#
# If you would like to submit a bug report, please visit:
#   https://github.com/adoptium/adoptium-support/issues
#

---------------  S U M M A R Y ------------

Command Line: -XX:+ShowCodeDetailsInExceptionMessages -agentlib:jdwp=transport=dt_socket,suspend=y,address=localhost:61098 -Dcom.sun.management.jmxremote -Dcom.sun.management.jmxremote.port=61097 -Dcom.sun.management.jmxremote.authenticate=false -Dcom.sun.management.jmxremote.ssl=false -Djava.rmi.server.hostname=localhost -Dspring.jmx.enabled=true -Dmanagement.endpoints.jmx.exposure.include=* -Dspring.application.admin.enabled=true -Dspring.output.ansi.enabled=always -XX:TieredStopAtLevel=1 -Dspring.boot.project.name=TagBoardProject -javaagent:C:\Users\haeun\util\STS4\sts-4.31.0.RELEASE\configuration\org.eclipse.osgi\273\0\.cp\lib\javaagent-shaded.jar -Dfile.encoding=UTF-8 -Dstdout.encoding=UTF-8 -Dstderr.encoding=UTF-8 kr.or.ddit.TagBoardProjectApplication

Host: 12th Gen Intel(R) Core(TM) i7-1260P, 16 cores, 15G,  Windows 11 , 64 bit Build 26100 (10.0.26100.4484)
Time: Thu Jul 17 08:56:35 2025  Windows 11 , 64 bit Build 26100 (10.0.26100.4484) elapsed time: 24942.268132 seconds (0d 6h 55m 42s)

---------------  T H R E A D  ---------------

Current thread (0x0000021e46760490):  JavaThread "restartedMain"        [_thread_in_Java, id=21336, stack(0x000000519ea00000,0x000000519eb00000) (1024K)]

Stack: [0x000000519ea00000,0x000000519eb00000],  sp=0x000000519eafd8c8,  free space=1014k
Native frames: (J=compiled Java code, j=interpreted, Vv=VM code, C=native code)
C  0x0000021e74d11050

The last pc belongs to _linkToSpecial (printed below).

siginfo: EXCEPTION_ACCESS_VIOLATION (0xc0000005), reading address 0xffffffffffffffff


Registers:
RAX=0x0000021e74ce9086, RBX=0xe10f71ac00000000, RCX=0x000000519eafd8d0, RDX=0x0000000000000002
RSP=0x000000519eafd8c8, RBP=0x000000519eafd918, RSI=0x0000021e48241e38, RDI=0x0000021e47cf7d30
R8 =0x0000000000000004, R9 =0x0000000000000004, R10=0x00007fff92bedfc0, R11=0x0000021e010b5bd0
R12=0x0000000000000000, R13=0x000000519eafd8c8, R14=0x000000519eafd938, R15=0x0000021e46760490
RIP=0x0000021e74d11050, EFLAGS=0x0000000000010202

XMM[0]=0x0000000000000000 0x0000000000000000
XMM[1]=0x0000000000000000 0x0000000000000000
XMM[2]=0x0000000000000000 0x0000000000000000
XMM[3]=0x0000000000000000 0x0000000000000000
XMM[4]=0x0000000000000000 0x0000000000000000
XMM[5]=0x0000000000000000 0x0000000000000000
XMM[6]=0x0000000000000000 0x0000000000000000
XMM[7]=0x0000000000000000 0x0000000000000000
XMM[8]=0x0000000000000000 0x0000000000000000
XMM[9]=0x0000000000000000 0x0000000000000000
XMM[10]=0x0000000000000000 0x0000000000000000
XMM[11]=0x0000000000000000 0x0000000000000000
XMM[12]=0x0000000000000000 0x0000000000000000
XMM[13]=0x0000000000000000 0x0000000000000000
XMM[14]=0x0000000000000000 0x0000000000000000
XMM[15]=0x0000000000000000 0x0000000000000000
  MXCSR=0x00001fa0


Register to memory mapping:

RAX=0x0000021e74ce9086 is at code_begin+3078 in an Interpreter codelet
return entry points  [0x0000021e74ce8480, 0x0000021e74cea298]  7704 bytes
RBX=0xe10f71ac00000000 is an unknown value
RCX=0x000000519eafd8d0 is pointing into the stack for thread: 0x0000021e46760490
RDX=0x0000000000000002 is an unknown value
RSP=0x000000519eafd8c8 is pointing into the stack for thread: 0x0000021e46760490
RBP=0x000000519eafd918 is pointing into the stack for thread: 0x0000021e46760490
RSI=0x0000021e48241e38 points into unknown readable memory: 0x80000a00cd919d83 | 83 9d 91 cd 00 0a 00 80
RDI=0x0000021e47cf7d30 points into unknown readable memory: 0x0000001800000070 | 70 00 00 00 18 00 00 00
R8 =0x0000000000000004 is an unknown value
R9 =0x0000000000000004 is an unknown value
R10=0x00007fff92bedfc0 jvm.dll
R11={method} {0x0000021e010b5bd8} 'newInvokeSpecial' '(Ljava/lang/Object;)Ljava/lang/Object;' in 'java/lang/invoke/DirectMethodHandle$Holder'
R12=0x0 is null
R13=0x000000519eafd8c8 is pointing into the stack for thread: 0x0000021e46760490
R14=0x000000519eafd938 is pointing into the stack for thread: 0x0000021e46760490
R15=0x0000021e46760490 is a thread

Top of Stack: (sp=0x000000519eafd8c8)
0x000000519eafd8c8:   0000021e74ce9086 000000519eafd8d0
0x000000519eafd8d8:   0000021e0172b5e7 0000000000000004
0x000000519eafd8e8:   0000021e010b1088 000000070b783a10
0x000000519eafd8f8:   0000000705db5d40 0000021e010b5bd0
0x000000519eafd908:   000000519eafd8c8 000000519eafd940
0x000000519eafd918:   000000519eafed30 0000021e751aadcb
0x000000519eafd928:   00000007087b8c68 00000007087b8d10
0x000000519eafd938:   00000007087b8cc8 00000007087b8a28
0x000000519eafd948:   0000000706917d30 000000519eafed30
0x000000519eafd958:   0000021e757a038c 000000519eafc780
0x000000519eafd968:   0000021e75304d0c 0000000000001df5
0x000000519eafd978:   000000519eafc570 000000519eafc5a0
0x000000519eafd988:   000000070be00170 0000021e47fd6512
0x000000519eafd998:   0000000700000000 0000000000000000
0x000000519eafd9a8:   0000000000000000 000000070b000000
0x000000519eafd9b8:   0000000705db5628 000000070b783a10
0x000000519eafd9c8:   00000007087b88f0 00000007087b88f0
0x000000519eafd9d8:   00000007087b8a28 00000007087b8cf8
0x000000519eafd9e8:   00000007087b8a80 000000070b783a10
0x000000519eafd9f8:   0000000000000001 000000519eafed30
0x000000519eafda08:   0000021e00000000 0000000000000000
0x000000519eafda18:   0000000000000000 00000007087b8cc8
0x000000519eafda28:   0000021e751a66dc 0000000000000000
0x000000519eafda38:   0000000000000000 0000000000000000
0x000000519eafda48:   0000000700000000 0000021e46760490
0x000000519eafda58:   0000000000000000 00000007087b8a28
0x000000519eafda68:   0000000000000000 00000007087b88f0
0x000000519eafda78:   00000007087b8cf8 00000007087b8a28
0x000000519eafda88:   0000000000000000 0000000000000000
0x000000519eafda98:   0000021e751aa2ec 000000519eafed30
0x000000519eafdaa8:   0000021e7510e9ea 0000000000000000
0x000000519eafdab8:   0000021e7501ea29 0000000000000000 

Instructions: (pc=0x0000021e74d11050)
0x0000021e74d10f50:   bf d8 05 00 00 00 74 03 ff 63 38 ff 63 50 e9 9d
0x0000021e74d10f60:   16 00 00 66 66 66 0f 1f 84 00 00 00 00 00 66 66
0x0000021e74d10f70:   66 90 66 66 0f 1f 84 00 00 00 00 00 66 66 66 90
0x0000021e74d10f80:   48 8b 53 08 0f b7 52 2e 48 8b 0c d4 58 5b 50 44
0x0000021e74d10f90:   8b 51 08 49 bb 00 00 00 01 1e 02 00 00 4d 03 d3
0x0000021e74d10fa0:   4c 8b 5b 10 4b 8b 9c da c0 01 00 00 48 85 db 0f
0x0000021e74d10fb0:   84 10 00 00 00 41 80 bf d8 05 00 00 00 74 03 ff
0x0000021e74d10fc0:   63 38 ff 63 50 e9 36 16 00 00 66 66 66 0f 1f 84
0x0000021e74d10fd0:   00 00 00 00 00 66 66 66 90 0f 1f 80 00 00 00 00
0x0000021e74d10fe0:   58 5b 50 8b 5b 24 48 c1 e3 03 48 8b 5b 10 48 85
0x0000021e74d10ff0:   db 0f 84 10 00 00 00 41 80 bf d8 05 00 00 00 74
0x0000021e74d11000:   03 ff 63 38 ff 63 50 e9 f4 15 00 00 66 66 66 0f
0x0000021e74d11010:   1f 84 00 00 00 00 00 66 66 66 90 0f 1f 44 00 00
0x0000021e74d11020:   48 8b 53 08 0f b7 52 2e 48 8b 0c d4 58 5b 50 48
0x0000021e74d11030:   3b 01 8b 5b 24 48 c1 e3 03 48 8b 5b 10 48 85 db
0x0000021e74d11040:   0f 84 10 00 00 00 41 80 bf d8 05 00 00 00 74 03
0x0000021e74d11050:   ff 63 38 ff 63 50 e9 a5 15 00 00 0f 1f 44 00 00
0x0000021e74d11060:   48 8b 53 08 0f b7 52 2e 48 8b 0c d4 58 5b 50 44
0x0000021e74d11070:   8b 51 08 49 bb 00 00 00 01 1e 02 00 00 4d 03 d3
0x0000021e74d11080:   8b 43 18 48 c1 e0 03 48 8b 40 10 48 8b 5b 10 45
0x0000021e74d11090:   8b 9a a0 00 00 00 4f 8d 9c da c0 01 00 00 4d 8d
0x0000021e74d110a0:   14 da 49 8b 1b 48 3b c3 74 15 48 85 db 0f 84 32
0x0000021e74d110b0:   00 00 00 49 83 c3 10 49 8b 1b 48 3b c3 75 eb 45
0x0000021e74d110c0:   8b 5b 08 4b 8b 1c 1a 48 85 db 0f 84 10 00 00 00
0x0000021e74d110d0:   41 80 bf d8 05 00 00 00 74 03 ff 63 38 ff 63 50
0x0000021e74d110e0:   e9 1b 15 00 00 e9 16 12 00 00 f4 00 00 00 00 00
0x0000021e74d110f0:   00 00 00 00 00 00 00 00 00 00 00 00 00 00 00 00
0x0000021e74d11100:   00 00 00 00 00 00 00 00 00 00 00 00 00 00 00 00
0x0000021e74d11110:   00 00 00 00 00 00 00 00 00 00 00 00 00 00 00 00
0x0000021e74d11120:   00 00 00 00 00 00 00 00 00 00 00 00 00 00 00 00
0x0000021e74d11130:   00 00 00 00 00 00 00 00 00 00 00 00 00 00 00 00
0x0000021e74d11140:   00 00 00 00 00 00 00 00 00 00 00 00 00 00 00 00 


Stack slot to memory mapping:

stack at sp + 0 slots: 0x0000021e74ce9086 is at code_begin+3078 in an Interpreter codelet
return entry points  [0x0000021e74ce8480, 0x0000021e74cea298]  7704 bytes
stack at sp + 1 slots: 0x000000519eafd8d0 is pointing into the stack for thread: 0x0000021e46760490
stack at sp + 2 slots: 0x0000021e0172b5e7 is pointing into metadata
stack at sp + 3 slots: 0x0000000000000004 is an unknown value
stack at sp + 4 slots: 0x0000021e010b1088 is pointing into metadata
stack at sp + 5 slots: 0x000000070b783a10 is an oop: java.lang.Class 
{0x000000070b783a10} - klass: 'java/lang/Class'
 - ---- fields (total size 14 words):
 - private volatile transient 'classRedefinedCount' 'I' @12  1 (0x00000001)
 - injected 'klass' 'J' @16  2327912006632 (0x0000021e025e43e8)
 - injected 'array_klass' 'J' @24  0 (0x0000000000000000)
 - injected 'oop_size' 'I' @32  14 (0x0000000e)
 - injected 'static_oop_field_count' 'I' @36  0 (0x00000000)
 - private volatile transient 'cachedConstructor' 'Ljava/lang/reflect/Constructor;' @40  null (0x00000000)
 - private transient 'name' 'Ljava/lang/String;' @44  "kr.or.ddit.controller.service.TagBoardServiceImpl"{0x0000000705de8298} (0xe0bbd053)
 - private transient 'module' 'Ljava/lang/Module;' @48  a 'java/lang/Module'{0x000000070be00300} (0xe17c0060)
 - private final 'classLoader' 'Ljava/lang/ClassLoader;' @52  a 'org/springframework/boot/devtools/restart/classloader/RestartClassLoader'{0x000000070be00170} (0xe17c002e)
 - private transient 'classData' 'Ljava/lang/Object;' @56  null (0x00000000)
 - private transient 'packageName' 'Ljava/lang/String;' @60  "kr.or.ddit.controller.service"{0x00000007068a1140} (0xe0d14228)
 - private final 'componentType' 'Ljava/lang/Class;' @64  null (0x00000000)
 - private volatile transient 'reflectionData' 'Ljava/lang/ref/SoftReference;' @68  a 'java/lang/ref/SoftReference'{0x0000000709d26420} (0xe13a4c84)
 - private volatile transient 'genericInfo' 'Lsun/reflect/generics/repository/ClassRepository;' @72  null (0x00000000)
 - private volatile transient 'enumConstants' '[Ljava/lang/Object;' @76  null (0x00000000)
 - private volatile transient 'enumConstantDirectory' 'Ljava/util/Map;' @80  null (0x00000000)
 - private volatile transient 'annotationData' 'Ljava/lang/Class$AnnotationData;' @84  a 'java/lang/Class$AnnotationData'{0x0000000709d269d0} (0xe13a4d3a)
 - private volatile transient 'annotationType' 'Lsun/reflect/annotation/AnnotationType;' @88  null (0x00000000)
 - transient 'classValueMap' 'Ljava/lang/ClassValue$ClassValueMap;' @92  null (0x00000000)
 - injected 'protection_domain' 'Ljava/lang/Object;' @96  a 'java/security/ProtectionDomain'{0x000000070be10e80} (0xe17c21d0)
 - injected 'signers_name' 'Ljava/lang/Object;' @100  null (0x00000000)
 - injected 'source_file' 'Ljava/lang/Object;' @104  null (0x00000000)
 - injected '<init_lock>' 'Ljava/lang/Object;' @108  null (0x00000000)
 - signature: Lkr/or/ddit/controller/service/TagBoardServiceImpl;
 - ---- static fields (0):
stack at sp + 6 slots: 0x0000000705db5d40 is an oop: java.lang.Class 
{0x0000000705db5d40} - klass: 'java/lang/Class'
 - ---- fields (total size 14 words):
 - private volatile transient 'classRedefinedCount' 'I' @12  0 (0x00000000)
 - injected 'klass' 'J' @16  2327889775712 (0x0000021e010b0c60)
 - injected 'array_klass' 'J' @24  0 (0x0000000000000000)
 - injected 'oop_size' 'I' @32  14 (0x0000000e)
 - injected 'static_oop_field_count' 'I' @36  0 (0x00000000)
 - private volatile transient 'cachedConstructor' 'Ljava/lang/reflect/Constructor;' @40  null (0x00000000)
 - private transient 'name' 'Ljava/lang/String;' @44  null (0x00000000)
 - private transient 'module' 'Ljava/lang/Module;' @48  a 'java/lang/Module'{0x0000000705d8a258} (0xe0bb144b)
 - private final 'classLoader' 'Ljava/lang/ClassLoader;' @52  null (0x00000000)
 - private transient 'classData' 'Ljava/lang/Object;' @56  null (0x00000000)
 - private transient 'packageName' 'Ljava/lang/String;' @60  null (0x00000000)
 - private final 'componentType' 'Ljava/lang/Class;' @64  null (0x00000000)
 - private volatile transient 'reflectionData' 'Ljava/lang/ref/SoftReference;' @68  null (0x00000000)
 - private volatile transient 'genericInfo' 'Lsun/reflect/generics/repository/ClassRepository;' @72  null (0x00000000)
 - private volatile transient 'enumConstants' '[Ljava/lang/Object;' @76  null (0x00000000)
 - private volatile transient 'enumConstantDirectory' 'Ljava/util/Map;' @80  null (0x00000000)
 - private volatile transient 'annotationData' 'Ljava/lang/Class$AnnotationData;' @84  null (0x00000000)
 - private volatile transient 'annotationType' 'Lsun/reflect/annotation/AnnotationType;' @88  null (0x00000000)
 - transient 'classValueMap' 'Ljava/lang/ClassValue$ClassValueMap;' @92  null (0x00000000)
 - injected 'protection_domain' 'Ljava/lang/Object;' @96  null (0x00000000)
 - injected 'signers_name' 'Ljava/lang/Object;' @100  null (0x00000000)
 - injected 'source_file' 'Ljava/lang/Object;' @104  null (0x00000000)
 - injected '<init_lock>' 'Ljava/lang/Object;' @108  null (0x00000000)
 - signature: Ljava/lang/invoke/DirectMethodHandle$Holder;
 - ---- static fields (0):
stack at sp + 7 slots: {method} {0x0000021e010b5bd8} 'newInvokeSpecial' '(Ljava/lang/Object;)Ljava/lang/Object;' in 'java/lang/invoke/DirectMethodHandle$Holder'

MethodHandle::interpreter_entry::_linkToSpecial [0x0000021e74d1100c, 0x0000021e74d1105b] (79 bytes)
[MachCode]
  0x0000021e74d1100c: 6666 660f | 1f84 0000 | 0000 0066 | 6666 900f | 1f44 0000 | 488b 5308 | 0fb7 522e | 488b 0cd4 
  0x0000021e74d1102c: 585b 5048 | 3b01 8b5b | 2448 c1e3 | 0348 8b5b | 1048 85db | 0f84 1000 | 0000 4180 | bfd8 0500 
  0x0000021e74d1104c: 0000 7403 | ff63 38ff | 6350 e9a5 | 
[/MachCode]

---------------  P R O C E S S  ---------------

Threads class SMR info:
_java_thread_list=0x0000021e48256f90, length=36, elements={
0x0000021e002f7710, 0x0000021e002f8360, 0x0000021e002fd400, 0x0000021e00301fa0,
0x0000021e00303710, 0x0000021e003103f0, 0x0000021e00314380, 0x0000021e0030f6d0,
0x0000021e004d87b0, 0x0000021e004e5780, 0x0000021e0030f040, 0x0000021e00310a80,
0x0000021e0030fd60, 0x0000021e00311110, 0x0000021e003117a0, 0x0000021e0030e9b0,
0x0000021e46764630, 0x0000021e4819f9c0, 0x0000021e481a06e0, 0x0000021e481d3380,
0x0000021e481cff00, 0x0000021e481d1fd0, 0x0000021e481d0590, 0x0000021e481d2660,
0x0000021e481d40a0, 0x0000021e481d0c20, 0x0000021e481d12b0, 0x0000021e46761ed0,
0x0000021e46766700, 0x0000021e46760490, 0x0000021e478ec8f0, 0x0000021e478ed690,
0x0000021e478edd60, 0x0000021e467611b0, 0x0000021e46762bf0, 0x0000021e46763280
}

Java Threads: ( => current thread )
  0x0000021e002f7710 JavaThread "Reference Handler"          daemon [_thread_blocked, id=3324, stack(0x000000519cc00000,0x000000519cd00000) (1024K)]
  0x0000021e002f8360 JavaThread "Finalizer"                  daemon [_thread_blocked, id=4544, stack(0x000000519cd00000,0x000000519ce00000) (1024K)]
  0x0000021e002fd400 JavaThread "Signal Dispatcher"          daemon [_thread_blocked, id=17376, stack(0x000000519ce00000,0x000000519cf00000) (1024K)]
  0x0000021e00301fa0 JavaThread "Attach Listener"            daemon [_thread_blocked, id=13060, stack(0x000000519cf00000,0x000000519d000000) (1024K)]
  0x0000021e00303710 JavaThread "Service Thread"             daemon [_thread_blocked, id=5712, stack(0x000000519d000000,0x000000519d100000) (1024K)]
  0x0000021e003103f0 JavaThread "Monitor Deflation Thread"   daemon [_thread_blocked, id=8460, stack(0x000000519d100000,0x000000519d200000) (1024K)]
  0x0000021e00314380 JavaThread "C1 CompilerThread0"         daemon [_thread_blocked, id=18308, stack(0x000000519d200000,0x000000519d300000) (1024K)]
  0x0000021e0030f6d0 JavaThread "Common-Cleaner"             daemon [_thread_blocked, id=20072, stack(0x000000519d400000,0x000000519d500000) (1024K)]
  0x0000021e004d87b0 JavaThread "JDWP Transport Listener: dt_socket" daemon [_thread_blocked, id=18552, stack(0x000000519d700000,0x000000519d800000) (1024K)]
  0x0000021e004e5780 JavaThread "JDWP Event Helper Thread"   daemon [_thread_blocked, id=2032, stack(0x000000519d800000,0x000000519d900000) (1024K)]
  0x0000021e0030f040 JavaThread "JDWP Command Reader"        daemon [_thread_in_native, id=6476, stack(0x000000519d900000,0x000000519da00000) (1024K)]
  0x0000021e00310a80 JavaThread "Notification Thread"        daemon [_thread_blocked, id=17336, stack(0x000000519da00000,0x000000519db00000) (1024K)]
  0x0000021e0030fd60 JavaThread "RMI TCP Accept-0"           daemon [_thread_in_native, id=24212, stack(0x000000519dc00000,0x000000519dd00000) (1024K)]
  0x0000021e00311110 JavaThread "RMI TCP Accept-61097"       daemon [_thread_in_native, id=26608, stack(0x000000519e500000,0x000000519e600000) (1024K)]
  0x0000021e003117a0 JavaThread "RMI TCP Accept-0"           daemon [_thread_in_native, id=4136, stack(0x000000519e600000,0x000000519e700000) (1024K)]
  0x0000021e0030e9b0 JavaThread "RMI Scheduler(0)"           daemon [_thread_blocked, id=5928, stack(0x000000519e800000,0x000000519e900000) (1024K)]
  0x0000021e46764630 JavaThread "Live Reload Server"         daemon [_thread_in_native, id=21028, stack(0x000000519f800000,0x000000519f900000) (1024K)]
  0x0000021e4819f9c0 JavaThread "DestroyJavaVM"                     [_thread_blocked, id=25256, stack(0x000000519c400000,0x000000519c500000) (1024K)]
  0x0000021e481a06e0 JavaThread "RMI TCP Connection(idle)"   daemon [_thread_blocked, id=17600, stack(0x00000051a0500000,0x00000051a0600000) (1024K)]
  0x0000021e481d3380 JavaThread "RMI TCP Connection(37)-127.0.0.1" daemon [_thread_in_native, id=10684, stack(0x00000051a0900000,0x00000051a0a00000) (1024K)]
  0x0000021e481cff00 JavaThread "oracle.jdbc.diagnostics.Diagnostic.CLOCK" daemon [_thread_blocked, id=15448, stack(0x000000519d600000,0x000000519d700000) (1024K)]
  0x0000021e481d1fd0 JavaThread "oracle.jdbc.driver.BlockSource.ThreadedCachingBlockSource.BlockReleaser" daemon [_thread_blocked, id=24564, stack(0x000000519db00000,0x000000519dc00000) (1024K)]
  0x0000021e481d0590 JavaThread "InterruptTimer"             daemon [_thread_blocked, id=11984, stack(0x00000051a0b00000,0x00000051a0c00000) (1024K)]
  0x0000021e481d2660 JavaThread "RMI TCP Connection(idle)"   daemon [_thread_blocked, id=8048, stack(0x000000519c100000,0x000000519c200000) (1024K)]
  0x0000021e481d40a0 JavaThread "JMX server connection timeout 104" daemon [_thread_blocked, id=4488, stack(0x000000519c200000,0x000000519c300000) (1024K)]
  0x0000021e481d0c20 JavaThread "RMI TCP Connection(29)-127.0.0.1" daemon [_thread_in_native, id=3960, stack(0x000000519c300000,0x000000519c400000) (1024K)]
  0x0000021e481d12b0 JavaThread "JMX server connection timeout 106" daemon [_thread_blocked, id=22080, stack(0x000000519d300000,0x000000519d400000) (1024K)]
  0x0000021e46761ed0 JavaThread "RMI TCP Connection(idle)"   daemon [_thread_blocked, id=11272, stack(0x00000051a0400000,0x00000051a0500000) (1024K)]
  0x0000021e46766700 JavaThread "Thread-17"                         [_thread_blocked, id=14540, stack(0x000000519e900000,0x000000519ea00000) (1024K)]
=>0x0000021e46760490 JavaThread "restartedMain"                     [_thread_in_Java, id=21336, stack(0x000000519ea00000,0x000000519eb00000) (1024K)]
  0x0000021e478ec8f0 JavaThread "C1 CompilerThread1"         daemon [_thread_blocked, id=14836, stack(0x000000519ef00000,0x000000519f000000) (1024K)]
  0x0000021e478ed690 JavaThread "C1 CompilerThread2"         daemon [_thread_blocked, id=13708, stack(0x000000519f000000,0x000000519f100000) (1024K)]
  0x0000021e478edd60 JavaThread "C1 CompilerThread3"         daemon [_thread_blocked, id=20320, stack(0x000000519f300000,0x000000519f400000) (1024K)]
  0x0000021e467611b0 JavaThread "Catalina-utility-1"                [_thread_blocked, id=17480, stack(0x000000519f400000,0x000000519f500000) (1024K)]
  0x0000021e46762bf0 JavaThread "Catalina-utility-2"                [_thread_blocked, id=20668, stack(0x000000519f500000,0x000000519f600000) (1024K)]
  0x0000021e46763280 JavaThread "container-0"                       [_thread_blocked, id=15692, stack(0x000000519f600000,0x000000519f700000) (1024K)]
Total: 36

Other Threads:
  0x0000021e002d8770 VMThread "VM Thread"                           [id=23864, stack(0x000000519cb00000,0x000000519cc00000) (1024K)]
  0x0000021e002c6730 WatcherThread "VM Periodic Task Thread"        [id=1752, stack(0x000000519ca00000,0x000000519cb00000) (1024K)]
  0x0000021e713b0580 WorkerThread "GC Thread#0"                     [id=26592, stack(0x000000519c500000,0x000000519c600000) (1024K)]
  0x0000021e463aeae0 WorkerThread "GC Thread#1"                     [id=14504, stack(0x000000519dd00000,0x000000519de00000) (1024K)]
  0x0000021e463aee80 WorkerThread "GC Thread#2"                     [id=11888, stack(0x000000519de00000,0x000000519df00000) (1024K)]
  0x0000021e463af220 WorkerThread "GC Thread#3"                     [id=13240, stack(0x000000519df00000,0x000000519e000000) (1024K)]
  0x0000021e463af5c0 WorkerThread "GC Thread#4"                     [id=13436, stack(0x000000519e000000,0x000000519e100000) (1024K)]
  0x0000021e463b0170 WorkerThread "GC Thread#5"                     [id=13580, stack(0x000000519e100000,0x000000519e200000) (1024K)]
  0x0000021e46404080 WorkerThread "GC Thread#6"                     [id=25724, stack(0x000000519e200000,0x000000519e300000) (1024K)]
  0x0000021e46415e00 WorkerThread "GC Thread#7"                     [id=23732, stack(0x000000519e300000,0x000000519e400000) (1024K)]
  0x0000021e464161a0 WorkerThread "GC Thread#8"                     [id=16680, stack(0x000000519e400000,0x000000519e500000) (1024K)]
  0x0000021e467f9ad0 WorkerThread "GC Thread#9"                     [id=14000, stack(0x000000519eb00000,0x000000519ec00000) (1024K)]
  0x0000021e467f9730 WorkerThread "GC Thread#10"                    [id=20764, stack(0x000000519ec00000,0x000000519ed00000) (1024K)]
  0x0000021e467f88b0 WorkerThread "GC Thread#11"                    [id=26284, stack(0x000000519ed00000,0x000000519ee00000) (1024K)]
  0x0000021e467fa210 WorkerThread "GC Thread#12"                    [id=9900, stack(0x000000519ee00000,0x000000519ef00000) (1024K)]
  0x0000021e713c0eb0 ConcurrentGCThread "G1 Main Marker"            [id=14484, stack(0x000000519c600000,0x000000519c700000) (1024K)]
  0x0000021e713c36f0 WorkerThread "G1 Conc#0"                       [id=25644, stack(0x000000519c700000,0x000000519c800000) (1024K)]
  0x0000021e467f8c50 WorkerThread "G1 Conc#1"                       [id=19660, stack(0x000000519f100000,0x000000519f200000) (1024K)]
  0x0000021e467f9e70 WorkerThread "G1 Conc#2"                       [id=24220, stack(0x000000519f200000,0x000000519f300000) (1024K)]
  0x0000021e00199da0 ConcurrentGCThread "G1 Refine#0"               [id=18596, stack(0x000000519c800000,0x000000519c900000) (1024K)]
  0x0000021e0019a820 ConcurrentGCThread "G1 Service"                [id=10204, stack(0x000000519c900000,0x000000519ca00000) (1024K)]
Total: 21

Threads with active compile tasks:
Total: 0

VM state: not at safepoint (normal execution)

VM Mutex/Monitor currently owned by a thread: None

Heap address: 0x0000000705c00000, size: 4004 MB, Compressed Oops mode: Zero based, Oop shift amount: 3

CDS archive(s) mapped at: [0x0000021e01000000-0x0000021e01c80000-0x0000021e01c80000), size 13107200, SharedBaseAddress: 0x0000021e01000000, ArchiveRelocationMode: 1.
Compressed class space mapped at: 0x0000021e02000000-0x0000021e42000000, reserved size: 1073741824
Narrow klass base: 0x0000021e01000000, Narrow klass shift: 0, Narrow klass range: 0x100000000

GC Precious Log:
 CardTable entry size: 512
 Card Set container configuration: InlinePtr #cards 4 size 8 Array Of Cards #cards 16 size 48 Howl #buckets 8 coarsen threshold 3686 Howl Bitmap #cards 512 size 80 coarsen threshold 460 Card regions per heap region 1 cards per card region 4096
 CPUs: 16 total, 16 available
 Memory: 16010M
 Large Page Support: Disabled
 NUMA Support: Disabled
 Compressed Oops: Enabled (Zero based)
 Heap Region Size: 2M
 Heap Min Capacity: 8M
 Heap Initial Capacity: 252M
 Heap Max Capacity: 4004M
 Pre-touch: Disabled
 Parallel Workers: 13
 Concurrent Workers: 3
 Concurrent Refinement Workers: 13
 Periodic GC: Disabled

Heap:
 garbage-first heap   total 102400K, used 85030K [0x0000000705c00000, 0x0000000800000000)
  region size 2048K, 29 young (59392K), 0 survivors (0K)
 Metaspace       used 63928K, committed 65152K, reserved 1114112K
  class space    used 8201K, committed 8704K, reserved 1048576K

Heap Regions: E=young(eden), S=young(survivor), O=old, HS=humongous(starts), HC=humongous(continues), CS=collection set, F=free, TAMS=top-at-mark-start, PB=parsable bottom
|   0|0x0000000705c00000, 0x0000000705dffff0, 0x0000000705e00000| 99%| O|  |TAMS 0x0000000705c00000| PB 0x0000000705c00000| Untracked 
|   1|0x0000000705e00000, 0x0000000705ffffe8, 0x0000000706000000| 99%| O|  |TAMS 0x0000000705e00000| PB 0x0000000705e00000| Untracked 
|   2|0x0000000706000000, 0x00000007061ffff8, 0x0000000706200000| 99%| O|  |TAMS 0x0000000706000000| PB 0x0000000706000000| Untracked 
|   3|0x0000000706200000, 0x00000007063ffff8, 0x0000000706400000| 99%| O|  |TAMS 0x0000000706200000| PB 0x0000000706200000| Untracked 
|   4|0x0000000706400000, 0x00000007065ffff0, 0x0000000706600000| 99%| O|  |TAMS 0x0000000706400000| PB 0x0000000706400000| Untracked 
|   5|0x0000000706600000, 0x00000007067ffff8, 0x0000000706800000| 99%| O|  |TAMS 0x0000000706600000| PB 0x0000000706600000| Untracked 
|   6|0x0000000706800000, 0x00000007069ffff8, 0x0000000706a00000| 99%| O|  |TAMS 0x0000000706800000| PB 0x0000000706800000| Untracked 
|   7|0x0000000706a00000, 0x0000000706bfffe8, 0x0000000706c00000| 99%| O|  |TAMS 0x0000000706a00000| PB 0x0000000706a00000| Untracked 
|   8|0x0000000706c00000, 0x0000000706dfcc18, 0x0000000706e00000| 99%| O|  |TAMS 0x0000000706c00000| PB 0x0000000706c00000| Untracked 
|   9|0x0000000706e00000, 0x0000000706ffffe8, 0x0000000707000000| 99%| O|  |TAMS 0x0000000706e00000| PB 0x0000000706e00000| Untracked 
|  10|0x0000000707000000, 0x00000007071fffc8, 0x0000000707200000| 99%| O|  |TAMS 0x0000000707000000| PB 0x0000000707000000| Untracked 
|  11|0x0000000707200000, 0x00000007073ea440, 0x0000000707400000| 95%| O|  |TAMS 0x0000000707200000| PB 0x0000000707200000| Untracked 
|  12|0x0000000707400000, 0x0000000707600000, 0x0000000707600000|100%| O|  |TAMS 0x0000000707400000| PB 0x0000000707400000| Untracked 
|  13|0x0000000707600000, 0x0000000707707e90, 0x0000000707800000| 51%| O|  |TAMS 0x0000000707600000| PB 0x0000000707600000| Untracked 
|  14|0x0000000707800000, 0x0000000707800000, 0x0000000707a00000|  0%| F|  |TAMS 0x0000000707800000| PB 0x0000000707800000| Untracked 
|  15|0x0000000707a00000, 0x0000000707a00000, 0x0000000707c00000|  0%| F|  |TAMS 0x0000000707a00000| PB 0x0000000707a00000| Untracked 
|  16|0x0000000707c00000, 0x0000000707c1ac00, 0x0000000707e00000|  5%| O|  |TAMS 0x0000000707c00000| PB 0x0000000707c00000| Untracked 
|  17|0x0000000707e00000, 0x0000000707e00000, 0x0000000708000000|  0%| F|  |TAMS 0x0000000707e00000| PB 0x0000000707e00000| Untracked 
|  18|0x0000000708000000, 0x0000000708000000, 0x0000000708200000|  0%| F|  |TAMS 0x0000000708000000| PB 0x0000000708000000| Untracked 
|  19|0x0000000708200000, 0x0000000708200000, 0x0000000708400000|  0%| F|  |TAMS 0x0000000708200000| PB 0x0000000708200000| Untracked 
|  20|0x0000000708400000, 0x0000000708400000, 0x0000000708600000|  0%| F|  |TAMS 0x0000000708400000| PB 0x0000000708400000| Untracked 
|  21|0x0000000708600000, 0x0000000708800000, 0x0000000708800000|100%| E|  |TAMS 0x0000000708600000| PB 0x0000000708600000| Complete 
|  22|0x0000000708800000, 0x0000000708a00000, 0x0000000708a00000|100%| E|CS|TAMS 0x0000000708800000| PB 0x0000000708800000| Complete 
|  23|0x0000000708a00000, 0x0000000708c00000, 0x0000000708c00000|100%| E|CS|TAMS 0x0000000708a00000| PB 0x0000000708a00000| Complete 
|  24|0x0000000708c00000, 0x0000000708e00000, 0x0000000708e00000|100%| E|CS|TAMS 0x0000000708c00000| PB 0x0000000708c00000| Complete 
|  25|0x0000000708e00000, 0x0000000709000000, 0x0000000709000000|100%| E|CS|TAMS 0x0000000708e00000| PB 0x0000000708e00000| Complete 
|  26|0x0000000709000000, 0x0000000709200000, 0x0000000709200000|100%| E|CS|TAMS 0x0000000709000000| PB 0x0000000709000000| Complete 
|  27|0x0000000709200000, 0x0000000709400000, 0x0000000709400000|100%| E|CS|TAMS 0x0000000709200000| PB 0x0000000709200000| Complete 
|  28|0x0000000709400000, 0x0000000709600000, 0x0000000709600000|100%| E|CS|TAMS 0x0000000709400000| PB 0x0000000709400000| Complete 
|  29|0x0000000709600000, 0x0000000709800000, 0x0000000709800000|100%| E|CS|TAMS 0x0000000709600000| PB 0x0000000709600000| Complete 
|  30|0x0000000709800000, 0x0000000709a00000, 0x0000000709a00000|100%| E|CS|TAMS 0x0000000709800000| PB 0x0000000709800000| Complete 
|  31|0x0000000709a00000, 0x0000000709c00000, 0x0000000709c00000|100%| E|CS|TAMS 0x0000000709a00000| PB 0x0000000709a00000| Complete 
|  32|0x0000000709c00000, 0x0000000709e00000, 0x0000000709e00000|100%| E|CS|TAMS 0x0000000709c00000| PB 0x0000000709c00000| Complete 
|  33|0x0000000709e00000, 0x000000070a000000, 0x000000070a000000|100%| E|CS|TAMS 0x0000000709e00000| PB 0x0000000709e00000| Complete 
|  34|0x000000070a000000, 0x000000070a200000, 0x000000070a200000|100%| E|CS|TAMS 0x000000070a000000| PB 0x000000070a000000| Complete 
|  35|0x000000070a200000, 0x000000070a400000, 0x000000070a400000|100%| E|CS|TAMS 0x000000070a200000| PB 0x000000070a200000| Complete 
|  36|0x000000070a400000, 0x000000070a600000, 0x000000070a600000|100%| E|CS|TAMS 0x000000070a400000| PB 0x000000070a400000| Complete 
|  37|0x000000070a600000, 0x000000070a800000, 0x000000070a800000|100%| E|CS|TAMS 0x000000070a600000| PB 0x000000070a600000| Complete 
|  38|0x000000070a800000, 0x000000070aa00000, 0x000000070aa00000|100%| E|CS|TAMS 0x000000070a800000| PB 0x000000070a800000| Complete 
|  39|0x000000070aa00000, 0x000000070ac00000, 0x000000070ac00000|100%| E|CS|TAMS 0x000000070aa00000| PB 0x000000070aa00000| Complete 
|  40|0x000000070ac00000, 0x000000070ae00000, 0x000000070ae00000|100%| E|CS|TAMS 0x000000070ac00000| PB 0x000000070ac00000| Complete 
|  41|0x000000070ae00000, 0x000000070b000000, 0x000000070b000000|100%| E|CS|TAMS 0x000000070ae00000| PB 0x000000070ae00000| Complete 
|  42|0x000000070b000000, 0x000000070b200000, 0x000000070b200000|100%| E|CS|TAMS 0x000000070b000000| PB 0x000000070b000000| Complete 
|  43|0x000000070b200000, 0x000000070b400000, 0x000000070b400000|100%| E|CS|TAMS 0x000000070b200000| PB 0x000000070b200000| Complete 
|  44|0x000000070b400000, 0x000000070b600000, 0x000000070b600000|100%| E|CS|TAMS 0x000000070b400000| PB 0x000000070b400000| Complete 
|  45|0x000000070b600000, 0x000000070b800000, 0x000000070b800000|100%| E|CS|TAMS 0x000000070b600000| PB 0x000000070b600000| Complete 
|  46|0x000000070b800000, 0x000000070ba00000, 0x000000070ba00000|100%| E|CS|TAMS 0x000000070b800000| PB 0x000000070b800000| Complete 
|  47|0x000000070ba00000, 0x000000070bc00000, 0x000000070bc00000|100%| E|CS|TAMS 0x000000070ba00000| PB 0x000000070ba00000| Complete 
|  48|0x000000070bc00000, 0x000000070be00000, 0x000000070be00000|100%| E|CS|TAMS 0x000000070bc00000| PB 0x000000070bc00000| Complete 
|  49|0x000000070be00000, 0x000000070c000000, 0x000000070c000000|100%| E|CS|TAMS 0x000000070be00000| PB 0x000000070be00000| Complete 

Card table byte_map: [0x0000021e78b30000,0x0000021e79310000] _byte_map_base: 0x0000021e75302000

Marking Bits: (CMBitMap*) 0x0000021e713b0b90
 Bits: [0x0000021e79310000, 0x0000021e7d1a0000)

Polling page: 0x0000021e70ad0000

Metaspace:

Usage:
  Non-class:     54.42 MB used.
      Class:      8.01 MB used.
       Both:     62.43 MB used.

Virtual space:
  Non-class space:       64.00 MB reserved,      55.12 MB ( 86%) committed,  1 nodes.
      Class space:        1.00 GB reserved,       8.50 MB ( <1%) committed,  1 nodes.
             Both:        1.06 GB reserved,      63.62 MB (  6%) committed. 

Chunk freelists:
   Non-Class:  8.77 MB
       Class:  7.67 MB
        Both:  16.44 MB

MaxMetaspaceSize: unlimited
CompressedClassSpaceSize: 1.00 GB
Initial GC threshold: 21.00 MB
Current GC threshold: 106.06 MB
CDS: on
 - commit_granule_bytes: 65536.
 - commit_granule_words: 8192.
 - virtual_space_node_default_size: 8388608.
 - enlarge_chunks_in_place: 1.
 - use_allocation_guard: 0.


Internal statistics:

num_allocs_failed_limit: 12.
num_arena_births: 1628.
num_arena_deaths: 884.
num_vsnodes_births: 2.
num_vsnodes_deaths: 0.
num_space_committed: 1018.
num_space_uncommitted: 0.
num_chunks_returned_to_freelist: 1010.
num_chunks_taken_from_freelist: 3995.
num_chunk_merges: 235.
num_chunk_splits: 2587.
num_chunks_enlarged: 1896.
num_inconsistent_stats: 0.

CodeCache: size=49152Kb used=15484Kb max_used=17321Kb free=33667Kb
 bounds [0x0000021e74ce0000, 0x0000021e75e70000, 0x0000021e77ce0000]
 total_blobs=7073 nmethods=6315 adapters=676
 compilation: enabled
              stopped_count=0, restarted_count=0
 full_count=0

Compilation events (20 events):
Event: 24938.513 Thread 0x0000021e478ed690 9567       1       java.util.logging.Logger::getHandlers (5 bytes)
Event: 24938.513 Thread 0x0000021e00314380 9568       1       java.util.logging.Logger::accessCheckedHandlers (17 bytes)
Event: 24938.514 Thread 0x0000021e478ed690 nmethod 9567 0x0000021e74ebd610 code [0x0000021e74ebd7c0, 0x0000021e74ebd8c0]
Event: 24938.514 Thread 0x0000021e00314380 nmethod 9568 0x0000021e74f0bf10 code [0x0000021e74f0c0c0, 0x0000021e74f0c218]
Event: 24938.515 Thread 0x0000021e478ed690 9569       1       java.util.logging.LogRecord::getMessage (5 bytes)
Event: 24938.515 Thread 0x0000021e478ed690 nmethod 9569 0x0000021e751a2a10 code [0x0000021e751a2ba0, 0x0000021e751a2c70]
Event: 24938.516 Thread 0x0000021e478ed690 9570       1       java.lang.Throwable::<init> (29 bytes)
Event: 24938.516 Thread 0x0000021e478edd60 9571       1       ch.qos.logback.classic.Logger::filterAndLog_0_Or3Plus (61 bytes)
Event: 24938.516 Thread 0x0000021e478ed690 nmethod 9570 0x0000021e75435b90 code [0x0000021e75435d40, 0x0000021e75435f88]
Event: 24938.516 Thread 0x0000021e478edd60 nmethod 9571 0x0000021e75201710 code [0x0000021e75201900, 0x0000021e75201cb8]
Event: 24938.517 Thread 0x0000021e478ed690 9572   !   1       org.apache.tomcat.util.scan.JarFileUrlJar::close (19 bytes)
Event: 24938.517 Thread 0x0000021e478ed690 nmethod 9572 0x0000021e74edaf10 code [0x0000021e74edb0c0, 0x0000021e74edb208]
Event: 24938.539 Thread 0x0000021e478ed690 9573       1       org.springframework.boot.actuate.endpoint.annotation.EndpointDiscoverer::isFilterMatch (77 bytes)
Event: 24938.540 Thread 0x0000021e478ed690 nmethod 9573 0x0000021e75255c10 code [0x0000021e75255e80, 0x0000021e752564d0]
Event: 24938.544 Thread 0x0000021e478ed690 9574       1       java.lang.ThreadLocal::<init> (12 bytes)
Event: 24938.544 Thread 0x0000021e478ec8f0 9575       1       java.lang.ThreadLocal::nextHashCode (9 bytes)
Event: 24938.545 Thread 0x0000021e478ed690 nmethod 9574 0x0000021e751bb790 code [0x0000021e751bb920, 0x0000021e751bba00]
Event: 24938.545 Thread 0x0000021e478ec8f0 nmethod 9575 0x0000021e751bc710 code [0x0000021e751bc8a0, 0x0000021e751bc960]
Event: 24938.545 Thread 0x0000021e478ec8f0 9576  s    1       org.apache.catalina.util.LifecycleBase::setState (8 bytes)
Event: 24938.545 Thread 0x0000021e478ec8f0 nmethod 9576 0x0000021e74f4cb10 code [0x0000021e74f4ccc0, 0x0000021e74f4ce78]

GC Heap History (20 events):
Event: 36.698 GC heap before
{Heap before GC invocations=21 (full 0):
 garbage-first heap   total 98304K, used 35234K [0x0000000705c00000, 0x0000000800000000)
  region size 2048K, 5 young (10240K), 3 survivors (6144K)
 Metaspace       used 59876K, committed 60608K, reserved 1114112K
  class space    used 7594K, committed 7936K, reserved 1048576K
}
Event: 36.701 GC heap after
{Heap after GC invocations=22 (full 0):
 garbage-first heap   total 98304K, used 32621K [0x0000000705c00000, 0x0000000800000000)
  region size 2048K, 2 young (4096K), 2 survivors (4096K)
 Metaspace       used 59876K, committed 60608K, reserved 1114112K
  class space    used 7594K, committed 7936K, reserved 1048576K
}
Event: 194.719 GC heap before
{Heap before GC invocations=23 (full 0):
 garbage-first heap   total 98304K, used 83821K [0x0000000705c00000, 0x0000000800000000)
  region size 2048K, 28 young (57344K), 2 survivors (4096K)
 Metaspace       used 63991K, committed 64832K, reserved 1114112K
  class space    used 8255K, committed 8640K, reserved 1048576K
}
Event: 194.727 GC heap after
{Heap after GC invocations=24 (full 0):
 garbage-first heap   total 98304K, used 34890K [0x0000000705c00000, 0x0000000800000000)
  region size 2048K, 3 young (6144K), 3 survivors (6144K)
 Metaspace       used 63991K, committed 64832K, reserved 1114112K
  class space    used 8255K, committed 8640K, reserved 1048576K
}
Event: 24308.469 GC heap before
{Heap before GC invocations=24 (full 0):
 garbage-first heap   total 98304K, used 79946K [0x0000000705c00000, 0x0000000800000000)
  region size 2048K, 26 young (53248K), 3 survivors (6144K)
 Metaspace       used 64221K, committed 65152K, reserved 1114112K
  class space    used 8302K, committed 8704K, reserved 1048576K
}
Event: 24308.504 GC heap after
{Heap after GC invocations=25 (full 1):
 garbage-first heap   total 90112K, used 22936K [0x0000000705c00000, 0x0000000800000000)
  region size 2048K, 0 young (0K), 0 survivors (0K)
 Metaspace       used 63747K, committed 65152K, reserved 1114112K
  class space    used 8184K, committed 8704K, reserved 1048576K
}
Event: 24311.144 GC heap before
{Heap before GC invocations=25 (full 1):
 garbage-first heap   total 90112K, used 74136K [0x0000000705c00000, 0x0000000800000000)
  region size 2048K, 26 young (53248K), 0 survivors (0K)
 Metaspace       used 63880K, committed 65152K, reserved 1114112K
  class space    used 8217K, committed 8704K, reserved 1048576K
}
Event: 24311.147 GC heap after
{Heap after GC invocations=26 (full 1):
 garbage-first heap   total 90112K, used 28244K [0x0000000705c00000, 0x0000000800000000)
  region size 2048K, 3 young (6144K), 3 survivors (6144K)
 Metaspace       used 63880K, committed 65152K, reserved 1114112K
  class space    used 8217K, committed 8704K, reserved 1048576K
}
Event: 24312.117 GC heap before
{Heap before GC invocations=27 (full 1):
 garbage-first heap   total 90112K, used 73300K [0x0000000705c00000, 0x0000000800000000)
  region size 2048K, 25 young (51200K), 3 survivors (6144K)
 Metaspace       used 63992K, committed 65152K, reserved 1114112K
  class space    used 8243K, committed 8704K, reserved 1048576K
}
Event: 24312.121 GC heap after
{Heap after GC invocations=28 (full 1):
 garbage-first heap   total 90112K, used 31115K [0x0000000705c00000, 0x0000000800000000)
  region size 2048K, 2 young (4096K), 2 survivors (4096K)
 Metaspace       used 63992K, committed 65152K, reserved 1114112K
  class space    used 8243K, committed 8704K, reserved 1048576K
}
Event: 24314.537 GC heap before
{Heap before GC invocations=28 (full 1):
 garbage-first heap   total 90112K, used 33163K [0x0000000705c00000, 0x0000000800000000)
  region size 2048K, 4 young (8192K), 2 survivors (4096K)
 Metaspace       used 64036K, committed 65152K, reserved 1114112K
  class space    used 8251K, committed 8704K, reserved 1048576K
}
Event: 24314.607 GC heap after
{Heap after GC invocations=29 (full 2):
 garbage-first heap   total 90112K, used 25496K [0x0000000705c00000, 0x0000000800000000)
  region size 2048K, 0 young (0K), 0 survivors (0K)
 Metaspace       used 63898K, committed 65152K, reserved 1114112K
  class space    used 8219K, committed 8704K, reserved 1048576K
}
Event: 24315.845 GC heap before
{Heap before GC invocations=29 (full 2):
 garbage-first heap   total 90112K, used 72600K [0x0000000705c00000, 0x0000000800000000)
  region size 2048K, 24 young (49152K), 0 survivors (0K)
 Metaspace       used 63912K, committed 65152K, reserved 1114112K
  class space    used 8222K, committed 8704K, reserved 1048576K
}
Event: 24315.852 GC heap after
{Heap after GC invocations=30 (full 2):
 garbage-first heap   total 108544K, used 29595K [0x0000000705c00000, 0x0000000800000000)
  region size 2048K, 2 young (4096K), 2 survivors (4096K)
 Metaspace       used 63912K, committed 65152K, reserved 1114112K
  class space    used 8222K, committed 8704K, reserved 1048576K
}
Event: 24895.854 GC heap before
{Heap before GC invocations=30 (full 2):
 garbage-first heap   total 108544K, used 72603K [0x0000000705c00000, 0x0000000800000000)
  region size 2048K, 25 young (51200K), 2 survivors (4096K)
 Metaspace       used 63952K, committed 65152K, reserved 1114112K
  class space    used 8226K, committed 8704K, reserved 1048576K
}
Event: 24895.880 GC heap after
{Heap after GC invocations=31 (full 3):
 garbage-first heap   total 102400K, used 28039K [0x0000000705c00000, 0x0000000800000000)
  region size 2048K, 0 young (0K), 0 survivors (0K)
 Metaspace       used 63952K, committed 65152K, reserved 1114112K
  class space    used 8226K, committed 8704K, reserved 1048576K
}
Event: 24896.378 GC heap before
{Heap before GC invocations=31 (full 3):
 garbage-first heap   total 102400K, used 85383K [0x0000000705c00000, 0x0000000800000000)
  region size 2048K, 29 young (59392K), 0 survivors (0K)
 Metaspace       used 63992K, committed 65152K, reserved 1114112K
  class space    used 8233K, committed 8704K, reserved 1048576K
}
Event: 24896.381 GC heap after
{Heap after GC invocations=32 (full 3):
 garbage-first heap   total 102400K, used 32439K [0x0000000705c00000, 0x0000000800000000)
  region size 2048K, 3 young (6144K), 3 survivors (6144K)
 Metaspace       used 63992K, committed 65152K, reserved 1114112K
  class space    used 8233K, committed 8704K, reserved 1048576K
}
Event: 24937.502 GC heap before
{Heap before GC invocations=32 (full 3):
 garbage-first heap   total 102400K, used 65207K [0x0000000705c00000, 0x0000000800000000)
  region size 2048K, 21 young (43008K), 3 survivors (6144K)
 Metaspace       used 64034K, committed 65152K, reserved 1114112K
  class space    used 8238K, committed 8704K, reserved 1048576K
}
Event: 24937.558 GC heap after
{Heap after GC invocations=33 (full 4):
 garbage-first heap   total 102400K, used 27686K [0x0000000705c00000, 0x0000000800000000)
  region size 2048K, 0 young (0K), 0 survivors (0K)
 Metaspace       used 63870K, committed 65152K, reserved 1114112K
  class space    used 8195K, committed 8704K, reserved 1048576K
}

Dll operation events (12 events):
Event: 0.006 Loaded shared library C:\Users\haeun\util\STS4\sts-4.31.0.RELEASE\plugins\org.eclipse.justj.openjdk.hotspot.jre.full.win32.x86_64_21.0.7.v20250502-0916\jre\bin\java.dll
Event: 0.025 Loaded shared library C:\Users\haeun\util\STS4\sts-4.31.0.RELEASE\plugins\org.eclipse.justj.openjdk.hotspot.jre.full.win32.x86_64_21.0.7.v20250502-0916\jre\bin\zip.dll
Event: 0.216 Loaded shared library C:\Users\haeun\util\STS4\sts-4.31.0.RELEASE\plugins\org.eclipse.justj.openjdk.hotspot.jre.full.win32.x86_64_21.0.7.v20250502-0916\jre\bin\instrument.dll
Event: 0.223 Loaded shared library C:\Users\haeun\util\STS4\sts-4.31.0.RELEASE\plugins\org.eclipse.justj.openjdk.hotspot.jre.full.win32.x86_64_21.0.7.v20250502-0916\jre\bin\net.dll
Event: 0.226 Loaded shared library C:\Users\haeun\util\STS4\sts-4.31.0.RELEASE\plugins\org.eclipse.justj.openjdk.hotspot.jre.full.win32.x86_64_21.0.7.v20250502-0916\jre\bin\nio.dll
Event: 0.232 Loaded shared library C:\Users\haeun\util\STS4\sts-4.31.0.RELEASE\plugins\org.eclipse.justj.openjdk.hotspot.jre.full.win32.x86_64_21.0.7.v20250502-0916\jre\bin\zip.dll
Event: 0.421 Loaded shared library C:\Users\haeun\util\STS4\sts-4.31.0.RELEASE\plugins\org.eclipse.justj.openjdk.hotspot.jre.full.win32.x86_64_21.0.7.v20250502-0916\jre\bin\jimage.dll
Event: 0.466 Loaded shared library C:\Users\haeun\util\STS4\sts-4.31.0.RELEASE\plugins\org.eclipse.justj.openjdk.hotspot.jre.full.win32.x86_64_21.0.7.v20250502-0916\jre\bin\management.dll
Event: 0.484 Loaded shared library C:\Users\haeun\util\STS4\sts-4.31.0.RELEASE\plugins\org.eclipse.justj.openjdk.hotspot.jre.full.win32.x86_64_21.0.7.v20250502-0916\jre\bin\management_ext.dll
Event: 0.821 Loaded shared library C:\Users\haeun\util\STS4\sts-4.31.0.RELEASE\plugins\org.eclipse.justj.openjdk.hotspot.jre.full.win32.x86_64_21.0.7.v20250502-0916\jre\bin\extnet.dll
Event: 0.854 Loaded shared library C:\Users\haeun\util\STS4\sts-4.31.0.RELEASE\plugins\org.eclipse.justj.openjdk.hotspot.jre.full.win32.x86_64_21.0.7.v20250502-0916\jre\bin\verify.dll
Event: 2.110 Loaded shared library C:\Users\haeun\util\STS4\sts-4.31.0.RELEASE\plugins\org.eclipse.justj.openjdk.hotspot.jre.full.win32.x86_64_21.0.7.v20250502-0916\jre\bin\sunmscapi.dll

Deoptimization events (20 events):
Event: 24942.213 Thread 0x0000021e004d87b0 DEOPT PACKING pc=0x0000021e75c78fa4 sp=0x000000519d7fb630
Event: 24942.213 Thread 0x0000021e004d87b0 DEOPT UNPACKING pc=0x0000021e74d34e42 sp=0x000000519d7fabe0 mode 1
Event: 24942.213 Thread 0x0000021e004d87b0 DEOPT PACKING pc=0x0000021e7550936c sp=0x000000519d7fb3d0
Event: 24942.213 Thread 0x0000021e004d87b0 DEOPT UNPACKING pc=0x0000021e74d34e42 sp=0x000000519d7fa908 mode 1
Event: 24942.213 Thread 0x0000021e004d87b0 DEOPT PACKING pc=0x0000021e7550b4f4 sp=0x000000519d7fb4c0
Event: 24942.213 Thread 0x0000021e004d87b0 DEOPT UNPACKING pc=0x0000021e74d34e42 sp=0x000000519d7faa70 mode 1
Event: 24942.213 Thread 0x0000021e004d87b0 DEOPT PACKING pc=0x0000021e75c78fa4 sp=0x000000519d7fb630
Event: 24942.213 Thread 0x0000021e004d87b0 DEOPT UNPACKING pc=0x0000021e74d34e42 sp=0x000000519d7fabe0 mode 1
Event: 24942.214 Thread 0x0000021e004d87b0 DEOPT PACKING pc=0x0000021e7550936c sp=0x000000519d7fb3d0
Event: 24942.214 Thread 0x0000021e004d87b0 DEOPT UNPACKING pc=0x0000021e74d34e42 sp=0x000000519d7fa908 mode 1
Event: 24942.214 Thread 0x0000021e004d87b0 DEOPT PACKING pc=0x0000021e7550b4f4 sp=0x000000519d7fb4c0
Event: 24942.214 Thread 0x0000021e004d87b0 DEOPT UNPACKING pc=0x0000021e74d34e42 sp=0x000000519d7faa70 mode 1
Event: 24942.214 Thread 0x0000021e004d87b0 DEOPT PACKING pc=0x0000021e75c78fa4 sp=0x000000519d7fb630
Event: 24942.214 Thread 0x0000021e004d87b0 DEOPT UNPACKING pc=0x0000021e74d34e42 sp=0x000000519d7fabe0 mode 1
Event: 24942.214 Thread 0x0000021e004d87b0 DEOPT PACKING pc=0x0000021e7550936c sp=0x000000519d7fb3d0
Event: 24942.214 Thread 0x0000021e004d87b0 DEOPT UNPACKING pc=0x0000021e74d34e42 sp=0x000000519d7fa908 mode 1
Event: 24942.214 Thread 0x0000021e004d87b0 DEOPT PACKING pc=0x0000021e7550b4f4 sp=0x000000519d7fb4c0
Event: 24942.214 Thread 0x0000021e004d87b0 DEOPT UNPACKING pc=0x0000021e74d34e42 sp=0x000000519d7faa70 mode 1
Event: 24942.214 Thread 0x0000021e004d87b0 DEOPT PACKING pc=0x0000021e75c78fa4 sp=0x000000519d7fb630
Event: 24942.214 Thread 0x0000021e004d87b0 DEOPT UNPACKING pc=0x0000021e74d34e42 sp=0x000000519d7fabe0 mode 1

Classes loaded (20 events):
Event: 24308.426 Loading class sun/net/spi/DefaultProxySelector$1
Event: 24308.426 Loading class sun/net/spi/DefaultProxySelector$1 done
Event: 24308.426 Loading class sun/net/spi/DefaultProxySelector$NonProxyInfo
Event: 24308.427 Loading class sun/net/spi/DefaultProxySelector$NonProxyInfo done
Event: 24308.427 Loading class sun/net/spi/DefaultProxySelector$3
Event: 24308.427 Loading class sun/net/spi/DefaultProxySelector$3 done
Event: 24308.443 Loading class javax/management/NotificationBroadcasterSupport$WildcardListenerInfo
Event: 24308.443 Loading class javax/management/NotificationBroadcasterSupport$WildcardListenerInfo done
Event: 24308.468 Loading class java/util/WeakHashMap$KeyIterator
Event: 24308.468 Loading class java/util/WeakHashMap$HashIterator
Event: 24308.468 Loading class java/util/WeakHashMap$HashIterator done
Event: 24308.468 Loading class java/util/WeakHashMap$KeyIterator done
Event: 24308.504 Loading class java/lang/ref/Finalizer$2
Event: 24308.504 Loading class java/lang/ref/Finalizer$2 done
Event: 24308.505 Loading class java/lang/ref/Finalizer$1
Event: 24308.505 Loading class java/lang/ref/Finalizer$1 done
Event: 24311.857 Loading class java/time/DurationEditor
Event: 24311.857 Loading class java/time/DurationEditor done
Event: 24312.135 Loading class java/util/concurrent/locks/ReentrantReadWriteLock$Sync$HoldCounter
Event: 24312.135 Loading class java/util/concurrent/locks/ReentrantReadWriteLock$Sync$HoldCounter done

Classes unloaded (20 events):
Event: 24937.520 Thread 0x0000021e002d8770 Unloading class 0x0000021e02565400 'java/lang/invoke/LambdaForm$MH+0x0000021e02565400'
Event: 24937.520 Thread 0x0000021e002d8770 Unloading class 0x0000021e02570400 'java/lang/invoke/LambdaForm$MH+0x0000021e02570400'
Event: 24937.520 Thread 0x0000021e002d8770 Unloading class 0x0000021e02570800 'java/lang/invoke/LambdaForm$MH+0x0000021e02570800'
Event: 24937.520 Thread 0x0000021e002d8770 Unloading class 0x0000021e02580c00 'java/lang/invoke/LambdaForm$MH+0x0000021e02580c00'
Event: 24937.520 Thread 0x0000021e002d8770 Unloading class 0x0000021e02581800 'java/lang/invoke/LambdaForm$MH+0x0000021e02581800'
Event: 24937.520 Thread 0x0000021e002d8770 Unloading class 0x0000021e025a1c00 'java/lang/invoke/LambdaForm$MH+0x0000021e025a1c00'
Event: 24937.520 Thread 0x0000021e002d8770 Unloading class 0x0000021e025a5000 'java/lang/invoke/LambdaForm$MH+0x0000021e025a5000'
Event: 24937.520 Thread 0x0000021e002d8770 Unloading class 0x0000021e025c1c00 'java/lang/invoke/LambdaForm$MH+0x0000021e025c1c00'
Event: 24937.520 Thread 0x0000021e002d8770 Unloading class 0x0000021e025ca800 'java/lang/invoke/LambdaForm$MH+0x0000021e025ca800'
Event: 24937.520 Thread 0x0000021e002d8770 Unloading class 0x0000021e02604800 'java/lang/invoke/LambdaForm$MH+0x0000021e02604800'
Event: 24937.520 Thread 0x0000021e002d8770 Unloading class 0x0000021e02605400 'java/lang/invoke/LambdaForm$MH+0x0000021e02605400'
Event: 24937.520 Thread 0x0000021e002d8770 Unloading class 0x0000021e02606c00 'java/lang/invoke/LambdaForm$MH+0x0000021e02606c00'
Event: 24937.520 Thread 0x0000021e002d8770 Unloading class 0x0000021e0268d400 'java/lang/invoke/LambdaForm$MH+0x0000021e0268d400'
Event: 24937.520 Thread 0x0000021e002d8770 Unloading class 0x0000021e0268e000 'java/lang/invoke/LambdaForm$MH+0x0000021e0268e000'
Event: 24937.520 Thread 0x0000021e002d8770 Unloading class 0x0000021e0268ec00 'java/lang/invoke/LambdaForm$BMH+0x0000021e0268ec00'
Event: 24937.520 Thread 0x0000021e002d8770 Unloading class 0x0000021e0279c400 'java/lang/invoke/LambdaForm$MH+0x0000021e0279c400'
Event: 24937.520 Thread 0x0000021e002d8770 Unloading class 0x0000021e027f4800 'java/lang/invoke/LambdaForm$MH+0x0000021e027f4800'
Event: 24937.520 Thread 0x0000021e002d8770 Unloading class 0x0000021e02878400 'java/lang/invoke/LambdaForm$MH+0x0000021e02878400'
Event: 24937.520 Thread 0x0000021e002d8770 Unloading class 0x0000021e02879000 'java/lang/invoke/LambdaForm$MH+0x0000021e02879000'
Event: 24937.520 Thread 0x0000021e002d8770 Unloading class 0x0000021e0242c800 'java/lang/invoke/LambdaForm$MH+0x0000021e0242c800'

Classes redefined (10 events):
Event: 24309.683 Thread 0x0000021e002d8770 redefined class name=kr.or.ddit.controller.TagBoardController, count=1
Event: 24936.099 Thread 0x0000021e002d8770 redefined class name=kr.or.ddit.controller.service.TagBoardServiceImpl, count=1
Event: 24936.099 Thread 0x0000021e002d8770 redefined class name=kr.or.ddit.controller.service.TagBoardServiceImpl, count=1
Event: 24936.099 Thread 0x0000021e002d8770 redefined class name=kr.or.ddit.controller.service.TagBoardServiceImpl, count=1
Event: 24936.099 Thread 0x0000021e002d8770 redefined class name=kr.or.ddit.controller.service.TagBoardServiceImpl, count=1
Event: 24942.219 Thread 0x0000021e002d8770 redefined class name=kr.or.ddit.controller.service.TagBoardServiceImpl, count=1
Event: 24942.219 Thread 0x0000021e002d8770 redefined class name=kr.or.ddit.controller.service.TagBoardServiceImpl, count=2
Event: 24942.219 Thread 0x0000021e002d8770 redefined class name=kr.or.ddit.controller.service.TagBoardServiceImpl, count=2
Event: 24942.219 Thread 0x0000021e002d8770 redefined class name=kr.or.ddit.controller.service.TagBoardServiceImpl, count=2
Event: 24942.219 Thread 0x0000021e002d8770 redefined class name=kr.or.ddit.controller.service.TagBoardServiceImpl, count=2

Internal exceptions (20 events):
Event: 24937.501 Thread 0x0000021e481d5ae0 Exception <a 'java/lang/InterruptedException'{0x0000000709cab530}: sleep interrupted> (0x0000000709cab530) 
thrown [s\src\hotspot\share\prims\jvm.cpp, line 3074]
Event: 24937.570 Thread 0x0000021e46760490 Exception <a 'sun/nio/fs/WindowsException'{0x000000070be70738}> (0x000000070be70738) 
thrown [s\src\hotspot\share\prims\jni.cpp, line 520]
Event: 24937.842 Thread 0x0000021e46760490 Exception <a 'java/lang/NoClassDefFoundError'{0x0000000709cef7a8}: org/flywaydb/core/Flyway> (0x0000000709cef7a8) 
thrown [s\src\hotspot\share\oops\constantPool.cpp, line 873]
Event: 24938.350 Thread 0x0000021e46760490 Exception <a 'java/lang/NoClassDefFoundError'{0x0000000709cefe08}: liquibase/integration/spring/SpringLiquibase> (0x0000000709cefe08) 
thrown [s\src\hotspot\share\oops\constantPool.cpp, line 873]
Event: 24938.356 Thread 0x0000021e46760490 Exception <a 'java/lang/NoClassDefFoundError'{0x0000000709d23538}: org/jooq/DSLContext> (0x0000000709d23538) 
thrown [s\src\hotspot\share\oops\constantPool.cpp, line 873]
Event: 24938.358 Thread 0x0000021e46760490 Exception <a 'java/lang/NoClassDefFoundError'{0x0000000709d24e00}: jakarta/persistence/EntityManagerFactory> (0x0000000709d24e00) 
thrown [s\src\hotspot\share\oops\constantPool.cpp, line 873]
Event: 24938.365 Thread 0x0000021e46760490 Exception <a 'java/lang/NoClassDefFoundError'{0x0000000709d79a68}: org/springframework/batch/core/repository/JobRepository> (0x0000000709d79a68) 
thrown [s\src\hotspot\share\oops\constantPool.cpp, line 873]
Event: 24938.369 Thread 0x0000021e46760490 Exception <a 'java/lang/NoClassDefFoundError'{0x0000000709d7a0c0}: org/quartz/Scheduler> (0x0000000709d7a0c0) 
thrown [s\src\hotspot\share\oops\constantPool.cpp, line 873]
Event: 24938.370 Thread 0x0000021e46760490 Exception <a 'java/lang/NoClassDefFoundError'{0x0000000709d7a740}: org/springframework/session/jdbc/JdbcIndexedSessionRepository> (0x0000000709d7a740) 
thrown [s\src\hotspot\share\oops\constantPool.cpp, line 873]
Event: 24938.423 Thread 0x0000021e46760490 Exception <a 'java/io/FileNotFoundException'{0x00000007097b1088}> (0x00000007097b1088) 
thrown [s\src\hotspot\share\prims\jni.cpp, line 520]
Event: 24938.507 Thread 0x0000021e46760490 Exception <a 'sun/nio/fs/WindowsException'{0x0000000708aef318}> (0x0000000708aef318) 
thrown [s\src\hotspot\share\prims\jni.cpp, line 520]
Event: 24938.511 Thread 0x0000021e46760490 Exception <a 'sun/nio/fs/WindowsException'{0x0000000708b2a5f8}> (0x0000000708b2a5f8) 
thrown [s\src\hotspot\share\prims\jni.cpp, line 520]
Event: 24938.512 Thread 0x0000021e46760490 Exception <a 'sun/nio/fs/WindowsException'{0x0000000708b4a518}> (0x0000000708b4a518) 
thrown [s\src\hotspot\share\prims\jni.cpp, line 520]
Event: 24938.512 Thread 0x0000021e46760490 Exception <a 'sun/nio/fs/WindowsException'{0x0000000708b69e00}> (0x0000000708b69e00) 
thrown [s\src\hotspot\share\prims\jni.cpp, line 520]
Event: 24938.513 Thread 0x0000021e46760490 Exception <a 'sun/nio/fs/WindowsException'{0x0000000708b89838}> (0x0000000708b89838) 
thrown [s\src\hotspot\share\prims\jni.cpp, line 520]
Event: 24938.514 Thread 0x0000021e46760490 Exception <a 'sun/nio/fs/WindowsException'{0x0000000708ba90c8}> (0x0000000708ba90c8) 
thrown [s\src\hotspot\share\prims\jni.cpp, line 520]
Event: 24938.515 Thread 0x0000021e46760490 Exception <a 'sun/nio/fs/WindowsException'{0x0000000708bc8ed0}> (0x0000000708bc8ed0) 
thrown [s\src\hotspot\share\prims\jni.cpp, line 520]
Event: 24938.515 Thread 0x0000021e46760490 Exception <a 'sun/nio/fs/WindowsException'{0x0000000708be8710}> (0x0000000708be8710) 
thrown [s\src\hotspot\share\prims\jni.cpp, line 520]
Event: 24938.516 Thread 0x0000021e46760490 Exception <a 'sun/nio/fs/WindowsException'{0x0000000708808120}> (0x0000000708808120) 
thrown [s\src\hotspot\share\prims\jni.cpp, line 520]
Event: 24938.545 Thread 0x0000021e46760490 Exception <a 'java/io/FileNotFoundException'{0x0000000708747ef8}> (0x0000000708747ef8) 
thrown [s\src\hotspot\share\prims\jni.cpp, line 520]

ZGC Phase Switch (0 events):
No events

VM Operations (20 events):
Event: 24940.243 Executing VM operation: get/set locals
Event: 24940.243 Executing VM operation: get/set locals done
Event: 24942.204 Executing VM operation: ChangeSingleStep
Event: 24942.204 Executing VM operation: ChangeSingleStep done
Event: 24942.204 Executing VM operation: ChangeSingleStep
Event: 24942.204 Executing VM operation: ChangeSingleStep done
Event: 24942.214 Executing VM operation: RedefineClasses
Event: 24942.229 Executing VM operation: RedefineClasses done
Event: 24942.238 Executing VM operation: ChangeBreakpoints
Event: 24942.240 Executing VM operation: ChangeBreakpoints done
Event: 24942.243 Executing VM operation: ChangeBreakpoints
Event: 24942.245 Executing VM operation: ChangeBreakpoints done
Event: 24942.247 Executing VM operation: ChangeBreakpoints
Event: 24942.249 Executing VM operation: ChangeBreakpoints done
Event: 24942.252 Executing VM operation: ChangeBreakpoints
Event: 24942.254 Executing VM operation: ChangeBreakpoints done
Event: 24942.257 Executing VM operation: ChangeBreakpoints
Event: 24942.258 Executing VM operation: ChangeBreakpoints done
Event: 24942.261 Executing VM operation: ChangeSingleStep
Event: 24942.261 Executing VM operation: ChangeSingleStep done

Memory protections (0 events):
No events

Nmethod flushes (20 events):
Event: 24937.541 Thread 0x0000021e002d8770 flushing  nmethod 0x0000021e75c94a10
Event: 24937.541 Thread 0x0000021e002d8770 flushing  nmethod 0x0000021e75c95490
Event: 24937.541 Thread 0x0000021e002d8770 flushing  nmethod 0x0000021e75c95890
Event: 24937.541 Thread 0x0000021e002d8770 flushing  nmethod 0x0000021e75c97a90
Event: 24937.541 Thread 0x0000021e002d8770 flushing  nmethod 0x0000021e75ca3610
Event: 24937.541 Thread 0x0000021e002d8770 flushing  nmethod 0x0000021e75ca3990
Event: 24937.541 Thread 0x0000021e002d8770 flushing  nmethod 0x0000021e75ca4110
Event: 24937.541 Thread 0x0000021e002d8770 flushing  nmethod 0x0000021e75ca4890
Event: 24937.541 Thread 0x0000021e002d8770 flushing  nmethod 0x0000021e75ca5210
Event: 24937.541 Thread 0x0000021e002d8770 flushing  nmethod 0x0000021e75ca5510
Event: 24937.541 Thread 0x0000021e002d8770 flushing  nmethod 0x0000021e75ca5990
Event: 24937.541 Thread 0x0000021e002d8770 flushing  nmethod 0x0000021e75ca6210
Event: 24937.541 Thread 0x0000021e002d8770 flushing  nmethod 0x0000021e75ca6510
Event: 24937.541 Thread 0x0000021e002d8770 flushing  nmethod 0x0000021e75ca7090
Event: 24937.541 Thread 0x0000021e002d8770 flushing  nmethod 0x0000021e75ca7d10
Event: 24937.541 Thread 0x0000021e002d8770 flushing  nmethod 0x0000021e75ca8490
Event: 24937.541 Thread 0x0000021e002d8770 flushing  nmethod 0x0000021e75ca8e90
Event: 24937.541 Thread 0x0000021e002d8770 flushing  nmethod 0x0000021e75ca9390
Event: 24937.541 Thread 0x0000021e002d8770 flushing  nmethod 0x0000021e75d4dd90
Event: 24937.541 Thread 0x0000021e002d8770 flushing  nmethod 0x0000021e75d4e790

Events (20 events):
Event: 24937.494 Thread 0x0000021e46760490 Thread exited: 0x0000021e46760490
Event: 24937.494 Thread 0x0000021e481d6170 Thread exited: 0x0000021e481d6170
Event: 24937.501 Thread 0x0000021e481d5ae0 Thread exited: 0x0000021e481d5ae0
Event: 24937.501 Thread 0x0000021e481d5450 Thread exited: 0x0000021e481d5450
Event: 24937.559 Thread 0x0000021e46766700 Thread added: 0x0000021e46760b20
Event: 24937.559 Thread 0x0000021e481d1940 Thread exited: 0x0000021e481d1940
Event: 24937.559 Thread 0x0000021e46760b20 Thread exited: 0x0000021e46760b20
Event: 24937.560 Thread 0x0000021e46766700 Thread added: 0x0000021e46760490
Event: 24937.616 Thread 0x0000021e46760490 Thread added: 0x0000021e467611b0
Event: 24937.662 Thread 0x0000021e467611b0 Thread exited: 0x0000021e467611b0
Event: 24937.825 Thread 0x0000021e00314380 Thread added: 0x0000021e478ec8f0
Event: 24937.826 Thread 0x0000021e478ec8f0 Thread added: 0x0000021e478ed690
Event: 24938.381 Thread 0x0000021e478ed690 Thread exited: 0x0000021e478ed690
Event: 24938.381 Thread 0x0000021e478ec8f0 Thread exited: 0x0000021e478ec8f0
Event: 24938.419 Thread 0x0000021e00314380 Thread added: 0x0000021e478ec8f0
Event: 24938.419 Thread 0x0000021e00314380 Thread added: 0x0000021e478ed690
Event: 24938.420 Thread 0x0000021e00314380 Thread added: 0x0000021e478edd60
Event: 24938.546 Thread 0x0000021e46760490 Thread added: 0x0000021e467611b0
Event: 24938.546 Thread 0x0000021e46760490 Thread added: 0x0000021e46762bf0
Event: 24938.546 Thread 0x0000021e46760490 Thread added: 0x0000021e46763280


Dynamic libraries:
0x00007ff7e4450000 - 0x00007ff7e445e000 	C:\Users\haeun\util\STS4\sts-4.31.0.RELEASE\plugins\org.eclipse.justj.openjdk.hotspot.jre.full.win32.x86_64_21.0.7.v20250502-0916\jre\bin\javaw.exe
0x00007ff821680000 - 0x00007ff8218e8000 	C:\WINDOWS\SYSTEM32\ntdll.dll
0x00007ff820ad0000 - 0x00007ff820b99000 	C:\WINDOWS\System32\KERNEL32.DLL
0x00007ff81ec10000 - 0x00007ff81effd000 	C:\WINDOWS\System32\KERNELBASE.dll
0x00007ff81f150000 - 0x00007ff81f29b000 	C:\WINDOWS\System32\ucrtbase.dll
0x00007ff819450000 - 0x00007ff81946e000 	C:\Users\haeun\util\STS4\sts-4.31.0.RELEASE\plugins\org.eclipse.justj.openjdk.hotspot.jre.full.win32.x86_64_21.0.7.v20250502-0916\jre\bin\VCRUNTIME140.dll
0x00007ff80dcc0000 - 0x00007ff80dcd8000 	C:\Users\haeun\util\STS4\sts-4.31.0.RELEASE\plugins\org.eclipse.justj.openjdk.hotspot.jre.full.win32.x86_64_21.0.7.v20250502-0916\jre\bin\jli.dll
0x00007ff821470000 - 0x00007ff82163c000 	C:\WINDOWS\System32\USER32.dll
0x00007ff81ebe0000 - 0x00007ff81ec07000 	C:\WINDOWS\System32\win32u.dll
0x00007ff820120000 - 0x00007ff82014b000 	C:\WINDOWS\System32\GDI32.dll
0x00007ff8024a0000 - 0x00007ff80273a000 	C:\WINDOWS\WinSxS\amd64_microsoft.windows.common-controls_6595b64144ccf1df_6.0.26100.4484_none_3e0e6d4ce32ef3b3\COMCTL32.dll
0x00007ff81e7d0000 - 0x00007ff81e907000 	C:\WINDOWS\System32\gdi32full.dll
0x00007ff820ba0000 - 0x00007ff820c49000 	C:\WINDOWS\System32\msvcrt.dll
0x00007ff81f000000 - 0x00007ff81f0a3000 	C:\WINDOWS\System32\msvcp_win.dll
0x00007ff81fa60000 - 0x00007ff81fa8f000 	C:\WINDOWS\System32\IMM32.DLL
0x00007ff810c20000 - 0x00007ff810c2c000 	C:\Users\haeun\util\STS4\sts-4.31.0.RELEASE\plugins\org.eclipse.justj.openjdk.hotspot.jre.full.win32.x86_64_21.0.7.v20250502-0916\jre\bin\vcruntime140_1.dll
0x00007ff80a9d0000 - 0x00007ff80aa5d000 	C:\Users\haeun\util\STS4\sts-4.31.0.RELEASE\plugins\org.eclipse.justj.openjdk.hotspot.jre.full.win32.x86_64_21.0.7.v20250502-0916\jre\bin\msvcp140.dll
0x00007fff91f30000 - 0x00007fff92cc0000 	C:\Users\haeun\util\STS4\sts-4.31.0.RELEASE\plugins\org.eclipse.justj.openjdk.hotspot.jre.full.win32.x86_64_21.0.7.v20250502-0916\jre\bin\server\jvm.dll
0x00007ff81f910000 - 0x00007ff81f9c4000 	C:\WINDOWS\System32\ADVAPI32.dll
0x00007ff81faa0000 - 0x00007ff81fb46000 	C:\WINDOWS\System32\sechost.dll
0x00007ff820000000 - 0x00007ff820118000 	C:\WINDOWS\System32\RPCRT4.dll
0x00007ff81fcc0000 - 0x00007ff81fd34000 	C:\WINDOWS\System32\WS2_32.dll
0x00007ff815110000 - 0x00007ff81511b000 	C:\WINDOWS\SYSTEM32\VERSION.dll
0x00007ff8156e0000 - 0x00007ff815715000 	C:\WINDOWS\SYSTEM32\WINMM.dll
0x00007ff81e620000 - 0x00007ff81e67e000 	C:\WINDOWS\SYSTEM32\POWRPROF.dll
0x00007ff81e550000 - 0x00007ff81e564000 	C:\WINDOWS\SYSTEM32\UMPDC.dll
0x00007ff81d4d0000 - 0x00007ff81d4eb000 	C:\WINDOWS\SYSTEM32\kernel.appcore.dll
0x00007ff810c30000 - 0x00007ff810c3a000 	C:\Users\haeun\util\STS4\sts-4.31.0.RELEASE\plugins\org.eclipse.justj.openjdk.hotspot.jre.full.win32.x86_64_21.0.7.v20250502-0916\jre\bin\jimage.dll
0x00007ff81bf60000 - 0x00007ff81c1a1000 	C:\WINDOWS\SYSTEM32\DBGHELP.DLL
0x00007ff8210e0000 - 0x00007ff821466000 	C:\WINDOWS\System32\combase.dll
0x00007ff81f820000 - 0x00007ff81f900000 	C:\WINDOWS\System32\OLEAUT32.dll
0x00007ff80e4c0000 - 0x00007ff80e503000 	C:\WINDOWS\SYSTEM32\dbgcore.DLL
0x00007ff81f0b0000 - 0x00007ff81f149000 	C:\WINDOWS\System32\bcryptPrimitives.dll
0x00007ff80aaa0000 - 0x00007ff80aadc000 	C:\Users\haeun\util\STS4\sts-4.31.0.RELEASE\plugins\org.eclipse.justj.openjdk.hotspot.jre.full.win32.x86_64_21.0.7.v20250502-0916\jre\bin\jdwp.dll
0x00007ff80e0f0000 - 0x00007ff80e0ff000 	C:\Users\haeun\util\STS4\sts-4.31.0.RELEASE\plugins\org.eclipse.justj.openjdk.hotspot.jre.full.win32.x86_64_21.0.7.v20250502-0916\jre\bin\instrument.dll
0x00007ff80dca0000 - 0x00007ff80dcbf000 	C:\Users\haeun\util\STS4\sts-4.31.0.RELEASE\plugins\org.eclipse.justj.openjdk.hotspot.jre.full.win32.x86_64_21.0.7.v20250502-0916\jre\bin\java.dll
0x00007ff820380000 - 0x00007ff820aca000 	C:\WINDOWS\System32\SHELL32.dll
0x00007ff81e910000 - 0x00007ff81ea84000 	C:\WINDOWS\System32\wintypes.dll
0x00007ff81c430000 - 0x00007ff81cc8b000 	C:\WINDOWS\SYSTEM32\windows.storage.dll
0x00007ff81fbc0000 - 0x00007ff81fcb5000 	C:\WINDOWS\System32\SHCORE.dll
0x00007ff81fb50000 - 0x00007ff81fbba000 	C:\WINDOWS\System32\shlwapi.dll
0x00007ff81e6e0000 - 0x00007ff81e70f000 	C:\WINDOWS\SYSTEM32\profapi.dll
0x00007ff809b20000 - 0x00007ff809b38000 	C:\Users\haeun\util\STS4\sts-4.31.0.RELEASE\plugins\org.eclipse.justj.openjdk.hotspot.jre.full.win32.x86_64_21.0.7.v20250502-0916\jre\bin\zip.dll
0x00007ff80d660000 - 0x00007ff80d66b000 	C:\Users\haeun\util\STS4\sts-4.31.0.RELEASE\plugins\org.eclipse.justj.openjdk.hotspot.jre.full.win32.x86_64_21.0.7.v20250502-0916\jre\bin\dt_socket.dll
0x00007ff81d050000 - 0x00007ff81d083000 	C:\WINDOWS\SYSTEM32\IPHLPAPI.DLL
0x00007ff81db00000 - 0x00007ff81db6a000 	C:\WINDOWS\system32\mswsock.dll
0x00007ff81d120000 - 0x00007ff81d246000 	C:\WINDOWS\SYSTEM32\DNSAPI.dll
0x00007ff820340000 - 0x00007ff82034a000 	C:\WINDOWS\System32\NSI.dll
0x00007ff8156b0000 - 0x00007ff8156bb000 	C:\Windows\System32\rasadhlp.dll
0x00007ff8181c0000 - 0x00007ff818246000 	C:\WINDOWS\System32\fwpuclnt.dll
0x00007ff809b10000 - 0x00007ff809b20000 	C:\Users\haeun\util\STS4\sts-4.31.0.RELEASE\plugins\org.eclipse.justj.openjdk.hotspot.jre.full.win32.x86_64_21.0.7.v20250502-0916\jre\bin\net.dll
0x00007ff811090000 - 0x00007ff8111ae000 	C:\WINDOWS\SYSTEM32\WINHTTP.dll
0x00007ff803550000 - 0x00007ff803566000 	C:\Users\haeun\util\STS4\sts-4.31.0.RELEASE\plugins\org.eclipse.justj.openjdk.hotspot.jre.full.win32.x86_64_21.0.7.v20250502-0916\jre\bin\nio.dll
0x00007ff80eb20000 - 0x00007ff80eb2a000 	C:\Users\haeun\util\STS4\sts-4.31.0.RELEASE\plugins\org.eclipse.justj.openjdk.hotspot.jre.full.win32.x86_64_21.0.7.v20250502-0916\jre\bin\management.dll
0x00007ff80e400000 - 0x00007ff80e40b000 	C:\Users\haeun\util\STS4\sts-4.31.0.RELEASE\plugins\org.eclipse.justj.openjdk.hotspot.jre.full.win32.x86_64_21.0.7.v20250502-0916\jre\bin\management_ext.dll
0x00007ff81fd40000 - 0x00007ff81fd48000 	C:\WINDOWS\System32\PSAPI.DLL
0x00007ffffc7f0000 - 0x00007ffffc808000 	C:\WINDOWS\system32\napinsp.dll
0x00007ffffc7d0000 - 0x00007ffffc7e2000 	C:\WINDOWS\System32\winrnr.dll
0x00007ff80f270000 - 0x00007ff80f290000 	C:\WINDOWS\system32\wshbth.dll
0x00007ffffc790000 - 0x00007ffffc7c0000 	C:\WINDOWS\system32\nlansp_c.dll
0x00007ff81ddb0000 - 0x00007ff81ddcb000 	C:\WINDOWS\SYSTEM32\CRYPTSP.dll
0x00007ff81d4f0000 - 0x00007ff81d52b000 	C:\WINDOWS\system32\rsaenh.dll
0x00007ff81dba0000 - 0x00007ff81dbcb000 	C:\WINDOWS\SYSTEM32\USERENV.dll
0x00007ff81e6b0000 - 0x00007ff81e6d6000 	C:\WINDOWS\SYSTEM32\bcrypt.dll
0x00007ff81ddd0000 - 0x00007ff81dddc000 	C:\WINDOWS\SYSTEM32\CRYPTBASE.dll
0x00007ff808920000 - 0x00007ff808929000 	C:\Users\haeun\util\STS4\sts-4.31.0.RELEASE\plugins\org.eclipse.justj.openjdk.hotspot.jre.full.win32.x86_64_21.0.7.v20250502-0916\jre\bin\extnet.dll
0x00007ff809b00000 - 0x00007ff809b10000 	C:\Users\haeun\util\STS4\sts-4.31.0.RELEASE\plugins\org.eclipse.justj.openjdk.hotspot.jre.full.win32.x86_64_21.0.7.v20250502-0916\jre\bin\verify.dll
0x00007ff8096d0000 - 0x00007ff8096de000 	C:\Users\haeun\util\STS4\sts-4.31.0.RELEASE\plugins\org.eclipse.justj.openjdk.hotspot.jre.full.win32.x86_64_21.0.7.v20250502-0916\jre\bin\sunmscapi.dll
0x00007ff81f2a0000 - 0x00007ff81f417000 	C:\WINDOWS\System32\CRYPT32.dll
0x00007ff81dfd0000 - 0x00007ff81e000000 	C:\WINDOWS\SYSTEM32\ncrypt.dll
0x00007ff81df80000 - 0x00007ff81dfbf000 	C:\WINDOWS\SYSTEM32\NTASN1.dll
0x00007ffff6fb0000 - 0x00007ffff6fb8000 	C:\WINDOWS\system32\wshunix.dll

dbghelp: loaded successfully - version: 4.0.5 - missing functions: none
symbol engine: initialized successfully - sym options: 0x614 - pdb path: .;C:\Users\haeun\util\STS4\sts-4.31.0.RELEASE\plugins\org.eclipse.justj.openjdk.hotspot.jre.full.win32.x86_64_21.0.7.v20250502-0916\jre\bin;C:\WINDOWS\SYSTEM32;C:\WINDOWS\WinSxS\amd64_microsoft.windows.common-controls_6595b64144ccf1df_6.0.26100.4484_none_3e0e6d4ce32ef3b3;C:\Users\haeun\util\STS4\sts-4.31.0.RELEASE\plugins\org.eclipse.justj.openjdk.hotspot.jre.full.win32.x86_64_21.0.7.v20250502-0916\jre\bin\server

VM Arguments:
jvm_args: -XX:+ShowCodeDetailsInExceptionMessages -agentlib:jdwp=transport=dt_socket,suspend=y,address=localhost:61098 -Dcom.sun.management.jmxremote -Dcom.sun.management.jmxremote.port=61097 -Dcom.sun.management.jmxremote.authenticate=false -Dcom.sun.management.jmxremote.ssl=false -Djava.rmi.server.hostname=localhost -Dspring.jmx.enabled=true -Dmanagement.endpoints.jmx.exposure.include=* -Dspring.application.admin.enabled=true -Dspring.output.ansi.enabled=always -XX:TieredStopAtLevel=1 -Dspring.boot.project.name=TagBoardProject -javaagent:C:\Users\haeun\util\STS4\sts-4.31.0.RELEASE\configuration\org.eclipse.osgi\273\0\.cp\lib\javaagent-shaded.jar -Dfile.encoding=UTF-8 -Dstdout.encoding=UTF-8 -Dstderr.encoding=UTF-8 
java_command: kr.or.ddit.TagBoardProjectApplication
java_class_path (initial): C:\workspace\SPRING03(STS)_workspace_spring2\workspace_spring2\TagBoardProject\target\classes;C:\Users\haeun\.m2\repository\org\springframework\boot\spring-boot-starter-actuator\3.4.7\spring-boot-starter-actuator-3.4.7.jar;C:\Users\haeun\.m2\repository\org\springframework\boot\spring-boot-starter\3.4.7\spring-boot-starter-3.4.7.jar;C:\Users\haeun\.m2\repository\org\springframework\boot\spring-boot-starter-logging\3.4.7\spring-boot-starter-logging-3.4.7.jar;C:\Users\haeun\.m2\repository\ch\qos\logback\logback-classic\1.5.18\logback-classic-1.5.18.jar;C:\Users\haeun\.m2\repository\ch\qos\logback\logback-core\1.5.18\logback-core-1.5.18.jar;C:\Users\haeun\.m2\repository\org\apache\logging\log4j\log4j-to-slf4j\2.24.3\log4j-to-slf4j-2.24.3.jar;C:\Users\haeun\.m2\repository\org\apache\logging\log4j\log4j-api\2.24.3\log4j-api-2.24.3.jar;C:\Users\haeun\.m2\repository\org\slf4j\jul-to-slf4j\2.0.17\jul-to-slf4j-2.0.17.jar;C:\Users\haeun\.m2\repository\jakarta\annotation\jakarta.annotation-api\2.1.1\jakarta.annotation-api-2.1.1.jar;C:\Users\haeun\.m2\repository\org\yaml\snakeyaml\2.3\snakeyaml-2.3.jar;C:\Users\haeun\.m2\repository\org\springframework\boot\spring-boot-actuator-autoconfigure\3.4.7\spring-boot-actuator-autoconfigure-3.4.7.jar;C:\Users\haeun\.m2\repository\org\springframework\boot\spring-boot-actuator\3.4.7\spring-boot-actuator-3.4.7.jar;C:\Users\haeun\.m2\repository\com\fasterxml\jackson\core\jackson-databind\2.18.4\jackson-databind-2.18.4.jar;C:\Users\haeun\.m2\repository\com\fasterxml\jackson\core\jackson-annotations\2.18.4\jackson-annotations-2.18.4.jar;C:\Users\haeun\.m2\repository\com\fasterxml\jackson\core\jackson-core\2.18.4.1\jackson-core-2.18.4.1.jar;C:\Users\haeun\.m2\repository\com\fasterxml\jackson\datatype\jackson-datatype-jsr310\2.18.4\jackson-datatype-jsr310-2.18.4.jar;C:\Users\haeun\.m2\repository\io\micrometer\micrometer-observation\1.14.8\micrometer-observation-1.14.8.jar;C:\Users\haeun\.m2\repository\io\micrometer\micrometer-commons\1.14.8\micrometer-commons-1.14.8.jar;C:\Users\haeun\.m2\repository\io\micrometer\micrometer-jakarta9\1.14.8\micrometer-jakarta9-1.14.8.jar;C:\Users\haeun\.m2\repository\io\micrometer\micrometer-core\1.14.8\micrometer-core-1.14.8.jar;C:\Users\haeun\.m2\repository\org\hdrhistogram\HdrHistogram\2.2.2\HdrHistogram-2.2.2.jar;C:\Users\haeun\.m2\repository\org\latencyutils\LatencyUtils\2.0.3\LatencyUtils-2.0.3.jar;C:\Users\haeun\.m2\repository\org\springframework\boot\spring-boot-starter-jdbc\3.4.7\spring-boot-starter-jdbc-3.4.7.jar;C:\Users\haeun\.m2\repository\com\zaxxer\HikariCP\5.1.0\HikariCP-5.1.0.jar;C:\Users\haeun\.m2\repository\org\slf4j\slf4j-api\2.0.17\slf4j-api-2.0.17.jar;C:\Users\haeun\.m2\repository\org\springframework\spring-jdbc\6.2.8\spring-jdbc-6.2.8.jar;C:\Users\haeun\.m2\repository\org\springframework\spring-beans\6.2.8\spring-beans-6.2.8.jar;C:\Users\haeun\.m2\repository\org\springframework\spring-tx\6.2.8\spring-tx-6.2.8.jar;C:\Users\haeun\.m2\repository\org\springframework\boot\spring-boot-starter-web\3.4.7\spring-boot-starter-web-3.4.7.jar;C:\Users\haeun\.m2\repository\org\springframework\boot\spring-boot-starter-json\3.4.7\spring-boot-starter-json-3.4.7.jar;C:\Users\haeun\.m2\repository\com\fasterxml\jackson\datatype\jackson-datatype-jdk8\2.18.4\jackson-datatype-jdk8-2.18.4.jar;C:\Users\haeun\.m2\repository\com\fasterxml\jackson\module\jackson-module-parameter-names\2.18.4\jackson-module-parameter-names-2.18.4.jar;C:\Users\haeun\.m2\repository\org\springframework\boot\spring-boot-starter-tomcat\3.4.7\spring-boot-starter-tomcat-3.4.7.jar;C:\Users\haeun\.m2\repository\org\apache\tomcat\embed\tomcat-embed-websocket\10.1.42\tomcat-embed-websocket-10.1.42.jar;C:\Users\haeun\.m2\repository\org\springframework\spring-web\6.2.8\spring-web-6.2.8.jar;C:\Users\haeun\.m2\repository\org\springframework\spring-webmvc\6.2.8\spring-webmvc-6.2.8.jar;C:\Users\haeun\.m2\repository\org\springframework\spring-aop\6.2.8\spring-aop-6.2.8.jar;C:\Users\haeun\.m2\repository\org\springframework\spring-context\6.2.8\spring-context-6.2.8.jar;C:\Users\haeun\.m2\repository\org\springframework\spring-expression\6.2.8\spring-expression-6.2.8.jar;C:\Users\haeun\.m2\repository\org\mybatis\spring\boot\mybatis-spring-boot-starter\3.0.4\mybatis-spring-boot-starter-3.0.4.jar;C:\Users\haeun\.m2\repository\org\mybatis\spring\boot\mybatis-spring-boot-autoconfigure\3.0.4\mybatis-spring-boot-autoconfigure-3.0.4.jar;C:\Users\haeun\.m2\repository\org\mybatis\mybatis\3.5.17\mybatis-3.5.17.jar;C:\Users\haeun\.m2\repository\org\mybatis\mybatis-spring\3.0.4\mybatis-spring-3.0.4.jar;C:\Users\haeun\.m2\repository\org\springframework\boot\spring-boot-devtools\3.4.7\spring-boot-devtools-3.4.7.jar;C:\Users\haeun\.m2\repository\org\springframework\boot\spring-boot\3.4.7\spring-boot-3.4.7.jar;C:\Users\haeun\.m2\repository\org\springframework\boot\spring-boot-autoconfigure\3.4.7\spring-boot-autoconfigure-3.4.7.jar;C:\Users\haeun\.m2\repository\com\oracle\database\jdbc\ojdbc11\23.5.0.24.07\ojdbc11-23.5.0.24.07.jar;C:\Users\haeun\.m2\repository\org\projectlombok\lombok\1.18.38\lombok-1.18.38.jar;C:\Users\haeun\.m2\repository\org\springframework\spring-core\6.2.8\spring-core-6.2.8.jar;C:\Users\haeun\.m2\repository\org\springframework\spring-jcl\6.2.8\spring-jcl-6.2.8.jar;C:\Users\haeun\.m2\repository\jakarta\servlet\jsp\jstl\jakarta.servlet.jsp.jstl-api\3.0.2\jakarta.servlet.jsp.jstl-api-3.0.2.jar;C:\Users\haeun\.m2\repository\jakarta\el\jakarta.el-api\5.0.0\jakarta.el-api-5.0.0.jar;C:\Users\haeun\.m2\repository\jakarta\servlet\jakarta.servlet-api\6.0.0\jakarta.servlet-api-6.0.0.jar;C:\Users\haeun\.m2\repository\org\glassfish\web\jakarta.servlet.jsp.jstl\3.0.1\jakarta.servlet.jsp.jstl-3.0.1.jar;C:\Users\haeun\.m2\repository\org\apache\tomcat\embed\tomcat-embed-jasper\10.1.42\tomcat-embed-jasper-10.1.42.jar;C:\Users\haeun\.m2\repository\org\apache\tomcat\embed\tomcat-embed-core\10.1.42\tomcat-embed-core-10.1.42.jar;C:\Users\haeun\.m2\repository\org\apache\tomcat\tomcat-annotations-api\10.1.42\tomcat-annotations-api-10.1.42.jar;C:\Users\haeun\.m2\repository\org\apache\tomcat\embed\tomcat-embed-el\10.1.42\tomcat-embed-el-10.1.42.jar;C:\Users\haeun\.m2\repository\org\eclipse\jdt\ecj\3.33.0\ecj-3.33.0.jar;C:\Users\haeun\.m2\repository\commons-io\commons-io\2.6\commons-io-2.6.jar;C:\Users\haeun\.m2\repository\commons-fileupload\commons-fileupload\1.4\commons-fileupload-1.4.jar;C:\Users\haeun\.m2\repository\com\oracle\database\nls\orai18n\23.5.0.24.07\orai18n-23.5.0.24.07.jar
Launcher Type: SUN_STANDARD

[Global flags]
     intx CICompilerCount                          = 12                                        {product} {ergonomic}
     uint ConcGCThreads                            = 3                                         {product} {ergonomic}
     uint G1ConcRefinementThreads                  = 13                                        {product} {ergonomic}
   size_t G1HeapRegionSize                         = 2097152                                   {product} {ergonomic}
    uintx GCDrainStackTargetSize                   = 64                                        {product} {ergonomic}
   size_t InitialHeapSize                          = 264241152                                 {product} {ergonomic}
     bool ManagementServer                         = true                                      {product} {command line}
   size_t MarkStackSize                            = 4194304                                   {product} {ergonomic}
   size_t MaxHeapSize                              = 4198498304                                {product} {ergonomic}
   size_t MaxNewSize                               = 2518679552                                {product} {ergonomic}
   size_t MinHeapDeltaBytes                        = 2097152                                   {product} {ergonomic}
   size_t MinHeapSize                              = 8388608                                   {product} {ergonomic}
    uintx NonNMethodCodeHeapSize                   = 4096                                   {pd product} {ergonomic}
    uintx NonProfiledCodeHeapSize                  = 0                                      {pd product} {ergonomic}
     bool ProfileInterpreter                       = false                                  {pd product} {command line}
    uintx ProfiledCodeHeapSize                     = 0                                      {pd product} {ergonomic}
     bool ShowCodeDetailsInExceptionMessages       = true                                   {manageable} {command line}
   size_t SoftMaxHeapSize                          = 4198498304                             {manageable} {ergonomic}
     intx TieredStopAtLevel                        = 1                                         {product} {command line}
     bool UseCompressedOops                        = true                           {product lp64_product} {ergonomic}
     bool UseG1GC                                  = true                                      {product} {ergonomic}
     bool UseLargePagesIndividualAllocation        = false                                  {pd product} {ergonomic}

Logging:
Log output configuration:
 #0: stdout all=warning uptime,level,tags foldmultilines=false
 #1: stderr all=off uptime,level,tags foldmultilines=false

Environment Variables:
JAVA_HOME=C:\Program Files\Java\jdk-21
PATH=C:\Users\haeun\util\STS4\sts-4.31.0.RELEASE\plugins\org.eclipse.justj.openjdk.hotspot.jre.full.win32.x86_64_21.0.7.v20250502-0916\jre\bin;C:/Users/haeun/util/STS4/sts-4.31.0.RELEASE//plugins/org.eclipse.justj.openjdk.hotspot.jre.full.win32.x86_64_21.0.7.v20250502-0916/jre/bin/server;C:/Users/haeun/util/STS4/sts-4.31.0.RELEASE//plugins/org.eclipse.justj.openjdk.hotspot.jre.full.win32.x86_64_21.0.7.v20250502-0916/jre/bin;C:\app\haeun\product\11.2.0\dbhome_1\bin;C:\Program Files\Common Files\Oracle\Java\javapath;C:\WINDOWS\system32;C:\WINDOWS;C:\WINDOWS\System32\Wbem;C:\WINDOWS\System32\WindowsPowerShell\v1.0\;C:\WINDOWS\System32\OpenSSH\;C:\Program Files\Bandizip\;C:\Program Files\Java\jdk-21\bin;C:\Program Files\TortoiseSVN\bin;C:\Program Files\nodejs\;C:\Program Files\Git\cmd;C:\Users\haeun\AppData\Local\Microsoft\WindowsApps;C:\Users\haeun\AppData\Local\Programs\Microsoft VS Code\bin;C:\Users\haeun\AppData\Roaming\npm;C:\Users\haeun\util\STS4\sts-4.31.0.RELEASE;
USERNAME=haeun
OS=Windows_NT
PROCESSOR_IDENTIFIER=Intel64 Family 6 Model 154 Stepping 3, GenuineIntel
TMP=C:\Users\haeun\AppData\Local\Temp
TEMP=C:\Users\haeun\AppData\Local\Temp




Periodic native trim disabled

---------------  S Y S T E M  ---------------

OS:
 Windows 11 , 64 bit Build 26100 (10.0.26100.4484)
OS uptime: 2 days 13:00 hours

CPU: total 16 (initial active 16) (16 cores per cpu, 1 threads per core) family 6 model 154 stepping 3 microcode 0x41b, cx8, cmov, fxsr, mmx, 3dnowpref, sse, sse2, sse3, ssse3, sse4.1, sse4.2, popcnt, lzcnt, tsc, tscinvbit, avx, avx2, aes, erms, clmul, bmi1, bmi2, adx, sha, fma, vzeroupper, clflush, clflushopt, clwb, serialize, rdtscp, rdpid, fsrm, f16c, pku, cet_ibt, cet_ss
Processor Information for processor 0
  Max Mhz: 2100, Current Mhz: 2100, Mhz Limit: 2100
Processor Information for processor 1
  Max Mhz: 2100, Current Mhz: 2100, Mhz Limit: 2100
Processor Information for processor 2
  Max Mhz: 2100, Current Mhz: 2100, Mhz Limit: 2100
Processor Information for processor 3
  Max Mhz: 2100, Current Mhz: 2100, Mhz Limit: 2100
Processor Information for processor 4
  Max Mhz: 2100, Current Mhz: 2100, Mhz Limit: 2100
Processor Information for processor 5
  Max Mhz: 2100, Current Mhz: 1453, Mhz Limit: 2100
Processor Information for processor 6
  Max Mhz: 2100, Current Mhz: 2100, Mhz Limit: 2100
Processor Information for processor 7
  Max Mhz: 2100, Current Mhz: 1453, Mhz Limit: 2100
Processor Information for processor 8
  Max Mhz: 2100, Current Mhz: 1500, Mhz Limit: 1491
Processor Information for processor 9
  Max Mhz: 2100, Current Mhz: 1500, Mhz Limit: 1491
Processor Information for processor 10
  Max Mhz: 2100, Current Mhz: 1500, Mhz Limit: 1491
Processor Information for processor 11
  Max Mhz: 2100, Current Mhz: 1500, Mhz Limit: 1491
Processor Information for processor 12
  Max Mhz: 2100, Current Mhz: 1500, Mhz Limit: 1491
Processor Information for processor 13
  Max Mhz: 2100, Current Mhz: 1500, Mhz Limit: 1491
Processor Information for processor 14
  Max Mhz: 2100, Current Mhz: 1500, Mhz Limit: 1491
Processor Information for processor 15
  Max Mhz: 2100, Current Mhz: 1500, Mhz Limit: 1491

Memory: 4k page, system-wide physical 16010M (1772M free)
TotalPageFile size 24999M (AvailPageFile size 1587M)
current process WorkingSet (physical memory assigned to process): 275M, peak: 277M
current process commit charge ("private bytes"): 315M, peak: 373M

vm_info: OpenJDK 64-Bit Server VM (21.0.7+6-LTS) for windows-amd64 JRE (21.0.7+6-LTS), built on 2025-04-15T00:00:00Z by "admin" with MS VC++ 17.7 (VS2022)

END.
